Debug mode enabled
Input: test_dotmatrix.png
Output: stdout
Format: json
DotMatrix v0.1.0
Loading image: test_dotmatrix.png
Image loaded: (1776, 1696, 3)
Detecting circles...
Detected 1545 circle(s)
After confidence filter (>=25): 773 circle(s)
  Extracting color for Circle(center=(1190.0, 776.0), radius=442.0, confidence=93.9) (method: edge)
  Extracting color for Circle(center=(700.0, 810.0), radius=434.0, confidence=90.4) (method: edge)
  Extracting color for Circle(center=(1320.0, 780.0), radius=430.0, confidence=72.2) (method: edge)
  Extracting color for Circle(center=(310.0, 434.0), radius=422.0, confidence=75.4) (method: edge)
  Extracting color for Circle(center=(1212.0, 766.0), radius=416.0, confidence=83.3) (method: edge)
  Extracting color for Circle(center=(1268.0, 820.0), radius=416.0, confidence=82.2) (method: edge)
  Extracting color for Circle(center=(1214.0, 788.0), radius=413.0, confidence=79.3) (method: edge)
  Extracting color for Circle(center=(1248.0, 798.0), radius=406.0, confidence=80.0) (method: edge)
  Extracting color for Circle(center=(1224.0, 1098.0), radius=404.0, confidence=84.0) (method: edge)
  Extracting color for Circle(center=(1178.0, 1060.0), radius=403.0, confidence=93.4) (method: edge)
  Extracting color for Circle(center=(1190.0, 826.0), radius=400.0, confidence=91.3) (method: edge)
  Extracting color for Circle(center=(1238.0, 1078.0), radius=394.0, confidence=82.1) (method: edge)
  Extracting color for Circle(center=(452.0, 1344.0), radius=389.0, confidence=86.7) (method: edge)
  Extracting color for Circle(center=(1238.0, 780.0), radius=389.0, confidence=74.1) (method: edge)
  Extracting color for Circle(center=(1242.0, 480.0), radius=386.0, confidence=72.8) (method: edge)
  Extracting color for Circle(center=(1244.0, 818.0), radius=385.0, confidence=85.7) (method: edge)
  Extracting color for Circle(center=(1390.0, 936.0), radius=380.0, confidence=73.4) (method: edge)
  Extracting color for Circle(center=(442.0, 920.0), radius=379.0, confidence=95.8) (method: edge)
  Extracting color for Circle(center=(1248.0, 856.0), radius=379.0, confidence=90.6) (method: edge)
  Extracting color for Circle(center=(1248.0, 1034.0), radius=379.0, confidence=84.3) (method: edge)
  Extracting color for Circle(center=(1288.0, 392.0), radius=379.0, confidence=76.1) (method: edge)
  Extracting color for Circle(center=(1248.0, 388.0), radius=379.0, confidence=67.0) (method: edge)
  Extracting color for Circle(center=(638.0, 914.0), radius=378.0, confidence=95.3) (method: edge)
  Extracting color for Circle(center=(1112.0, 1152.0), radius=378.0, confidence=90.5) (method: edge)
  Extracting color for Circle(center=(1164.0, 1006.0), radius=377.0, confidence=91.1) (method: edge)
  Extracting color for Circle(center=(1188.0, 858.0), radius=376.0, confidence=87.2) (method: edge)
  Extracting color for Circle(center=(1384.0, 972.0), radius=376.0, confidence=70.5) (method: edge)
  Extracting color for Circle(center=(436.0, 898.0), radius=373.0, confidence=92.6) (method: edge)
  Extracting color for Circle(center=(434.0, 840.0), radius=372.0, confidence=93.6) (method: edge)
  Extracting color for Circle(center=(640.0, 894.0), radius=372.0, confidence=85.5) (method: edge)
  Extracting color for Circle(center=(458.0, 1364.0), radius=369.0, confidence=89.7) (method: edge)
  Extracting color for Circle(center=(1222.0, 838.0), radius=369.0, confidence=79.9) (method: edge)
  Extracting color for Circle(center=(1162.0, 912.0), radius=368.0, confidence=82.0) (method: edge)
  Extracting color for Circle(center=(1260.0, 322.0), radius=367.0, confidence=85.4) (method: edge)
  Extracting color for Circle(center=(1312.0, 844.0), radius=367.0, confidence=82.7) (method: edge)
  Extracting color for Circle(center=(1376.0, 950.0), radius=366.0, confidence=79.2) (method: edge)
  Extracting color for Circle(center=(1224.0, 1044.0), radius=365.0, confidence=95.1) (method: edge)
  Extracting color for Circle(center=(1340.0, 864.0), radius=365.0, confidence=88.6) (method: edge)
  Extracting color for Circle(center=(1162.0, 950.0), radius=364.0, confidence=88.3) (method: edge)
  Extracting color for Circle(center=(1264.0, 782.0), radius=363.0, confidence=68.5) (method: edge)
  Extracting color for Circle(center=(628.0, 826.0), radius=362.0, confidence=88.2) (method: edge)
  Extracting color for Circle(center=(1370.0, 922.0), radius=362.0, confidence=82.6) (method: edge)
  Extracting color for Circle(center=(1298.0, 1044.0), radius=361.0, confidence=74.0) (method: edge)
  Extracting color for Circle(center=(1266.0, 364.0), radius=361.0, confidence=70.3) (method: edge)
  Extracting color for Circle(center=(1268.0, 842.0), radius=360.0, confidence=95.4) (method: edge)
  Extracting color for Circle(center=(590.0, 784.0), radius=359.0, confidence=96.3) (method: edge)
  Extracting color for Circle(center=(422.0, 372.0), radius=359.0, confidence=89.5) (method: edge)
  Extracting color for Circle(center=(1350.0, 882.0), radius=359.0, confidence=87.1) (method: edge)
  Extracting color for Circle(center=(612.0, 806.0), radius=358.0, confidence=93.1) (method: edge)
  Extracting color for Circle(center=(1198.0, 878.0), radius=354.0, confidence=89.3) (method: edge)
  Extracting color for Circle(center=(1220.0, 862.0), radius=353.0, confidence=97.2) (method: edge)
  Extracting color for Circle(center=(466.0, 908.0), radius=352.0, confidence=94.8) (method: edge)
  Extracting color for Circle(center=(1276.0, 1040.0), radius=352.0, confidence=84.9) (method: edge)
  Extracting color for Circle(center=(1276.0, 338.0), radius=351.0, confidence=87.6) (method: edge)
  Extracting color for Circle(center=(616.0, 896.0), radius=351.0, confidence=86.4) (method: edge)
  Extracting color for Circle(center=(1194.0, 1004.0), radius=351.0, confidence=85.3) (method: edge)
  Extracting color for Circle(center=(1184.0, 984.0), radius=349.0, confidence=79.0) (method: edge)
  Extracting color for Circle(center=(456.0, 852.0), radius=348.0, confidence=81.9) (method: edge)
  Extracting color for Circle(center=(410.0, 1396.0), radius=347.0, confidence=73.9) (method: edge)
  Extracting color for Circle(center=(600.0, 914.0), radius=346.0, confidence=94.5) (method: edge)
  Extracting color for Circle(center=(1284.0, 858.0), radius=345.0, confidence=86.3) (method: edge)
  Extracting color for Circle(center=(1328.0, 1008.0), radius=344.0, confidence=87.0) (method: edge)
  Extracting color for Circle(center=(1284.0, 480.0), radius=344.0, confidence=63.4) (method: edge)
  Extracting color for Circle(center=(1372.0, 356.0), radius=342.0, confidence=64.7) (method: edge)
  Extracting color for Circle(center=(564.0, 790.0), radius=341.0, confidence=88.1) (method: edge)
  Extracting color for Circle(center=(1350.0, 926.0), radius=341.0, confidence=81.3) (method: edge)
  Extracting color for Circle(center=(1286.0, 518.0), radius=341.0, confidence=68.1) (method: edge)
  Extracting color for Circle(center=(1192.0, 912.0), radius=340.0, confidence=78.0) (method: edge)
  Extracting color for Circle(center=(1202.0, 1028.0), radius=338.0, confidence=81.6) (method: edge)
  Extracting color for Circle(center=(1216.0, 886.0), radius=336.0, confidence=96.9) (method: edge)
  Extracting color for Circle(center=(1216.0, 1002.0), radius=335.0, confidence=95.5) (method: edge)
  Extracting color for Circle(center=(1300.0, 874.0), radius=335.0, confidence=85.2) (method: edge)
  Extracting color for Circle(center=(470.0, 872.0), radius=334.0, confidence=92.5) (method: edge)
  Extracting color for Circle(center=(1298.0, 1016.0), radius=334.0, confidence=80.8) (method: edge)
  Extracting color for Circle(center=(1316.0, 888.0), radius=331.0, confidence=92.0) (method: edge)
  Extracting color for Circle(center=(604.0, 862.0), radius=331.0, confidence=90.3) (method: edge)
  Extracting color for Circle(center=(1236.0, 1010.0), radius=329.0, confidence=86.1) (method: edge)
  Extracting color for Circle(center=(598.0, 842.0), radius=328.0, confidence=90.2) (method: edge)
  Extracting color for Circle(center=(594.0, 890.0), radius=328.0, confidence=88.0) (method: edge)
  Extracting color for Circle(center=(582.0, 820.0), radius=326.0, confidence=96.2) (method: edge)
  Extracting color for Circle(center=(1212.0, 980.0), radius=323.0, confidence=95.6) (method: edge)
  Extracting color for Circle(center=(1214.0, 906.0), radius=323.0, confidence=93.5) (method: edge)
  Extracting color for Circle(center=(1334.0, 944.0), radius=323.0, confidence=87.5) (method: edge)
  Extracting color for Circle(center=(1310.0, 994.0), radius=321.0, confidence=94.1) (method: edge)
  Extracting color for Circle(center=(384.0, 334.0), radius=321.0, confidence=83.2) (method: edge)
  Extracting color for Circle(center=(1248.0, 886.0), radius=320.0, confidence=87.8) (method: edge)
  Extracting color for Circle(center=(1328.0, 926.0), radius=319.0, confidence=83.9) (method: edge)
  Extracting color for Circle(center=(1268.0, 1198.0), radius=319.0, confidence=72.6) (method: edge)
  Extracting color for Circle(center=(1210.0, 928.0), radius=317.0, confidence=94.0) (method: edge)
  Extracting color for Circle(center=(1210.0, 960.0), radius=316.0, confidence=95.0) (method: edge)
  Extracting color for Circle(center=(1312.0, 908.0), radius=314.0, confidence=96.0) (method: edge)
  Extracting color for Circle(center=(1268.0, 1002.0), radius=313.0, confidence=84.8) (method: edge)
  Extracting color for Circle(center=(680.0, 640.0), radius=313.0, confidence=73.8) (method: edge)
  Extracting color for Circle(center=(1318.0, 970.0), radius=312.0, confidence=91.5) (method: edge)
  Extracting color for Circle(center=(1500.0, 324.0), radius=312.0, confidence=60.9) (method: edge)
  Extracting color for Circle(center=(1194.0, 1158.0), radius=311.0, confidence=88.4) (method: edge)
  Extracting color for Circle(center=(436.0, 1462.0), radius=310.0, confidence=85.9) (method: edge)
  Extracting color for Circle(center=(1268.0, 892.0), radius=310.0, confidence=83.8) (method: edge)
  Extracting color for Circle(center=(704.0, 898.0), radius=310.0, confidence=66.0) (method: edge)
  Extracting color for Circle(center=(1318.0, 384.0), radius=310.0, confidence=62.9) (method: edge)
  Extracting color for Circle(center=(574.0, 888.0), radius=309.0, confidence=96.7) (method: edge)
  Extracting color for Circle(center=(1174.0, 1184.0), radius=309.0, confidence=91.0) (method: edge)
  Extracting color for Circle(center=(982.0, 1430.0), radius=309.0, confidence=78.8) (method: edge)
  Extracting color for Circle(center=(558.0, 824.0), radius=307.0, confidence=92.9) (method: edge)
  Extracting color for Circle(center=(1238.0, 910.0), radius=303.0, confidence=94.4) (method: edge)
  Extracting color for Circle(center=(1232.0, 972.0), radius=303.0, confidence=93.8) (method: edge)
  Extracting color for Circle(center=(1292.0, 906.0), radius=303.0, confidence=92.4) (method: edge)
  Extracting color for Circle(center=(394.0, 146.0), radius=303.0, confidence=63.3) (method: edge)
  Extracting color for Circle(center=(566.0, 994.0), radius=302.0, confidence=71.1) (method: edge)
  Extracting color for Circle(center=(1044.0, 314.0), radius=301.0, confidence=84.7) (method: edge)
  Extracting color for Circle(center=(1338.0, 314.0), radius=301.0, confidence=73.3) (method: edge)
  Extracting color for Circle(center=(1372.0, 314.0), radius=301.0, confidence=66.9) (method: edge)
  Extracting color for Circle(center=(394.0, 314.0), radius=301.0, confidence=62.4) (method: edge)
  Extracting color for Circle(center=(562.0, 314.0), radius=301.0, confidence=62.3) (method: edge)
  Extracting color for Circle(center=(1250.0, 984.0), radius=300.0, confidence=91.4) (method: edge)
  Extracting color for Circle(center=(1194.0, 948.0), radius=300.0, confidence=83.6) (method: edge)
  Extracting color for Circle(center=(1294.0, 978.0), radius=299.0, confidence=94.3) (method: edge)
  Extracting color for Circle(center=(1248.0, 1206.0), radius=299.0, confidence=91.8) (method: edge)
  Extracting color for Circle(center=(1232.0, 936.0), radius=295.0, confidence=94.6) (method: edge)
  Extracting color for Circle(center=(356.0, 182.0), radius=294.0, confidence=65.9) (method: edge)
  Extracting color for Circle(center=(1274.0, 980.0), radius=292.0, confidence=87.3) (method: edge)
  Extracting color for Circle(center=(354.0, 1442.0), radius=292.0, confidence=78.7) (method: edge)
  Extracting color for Circle(center=(1302.0, 940.0), radius=291.0, confidence=93.0) (method: edge)
  Extracting color for Circle(center=(1142.0, 1018.0), radius=291.0, confidence=70.2) (method: edge)
  Extracting color for Circle(center=(1268.0, 912.0), radius=290.0, confidence=92.8) (method: edge)
  Extracting color for Circle(center=(452.0, 1384.0), radius=290.0, confidence=69.2) (method: edge)
  Extracting color for Circle(center=(1196.0, 1186.0), radius=289.0, confidence=96.5) (method: edge)
  Extracting color for Circle(center=(498.0, 780.0), radius=288.0, confidence=68.0) (method: edge)
  Extracting color for Circle(center=(544.0, 840.0), radius=287.0, confidence=90.9) (method: edge)
  Extracting color for Circle(center=(1178.0, 934.0), radius=285.0, confidence=72.5) (method: edge)
  Extracting color for Circle(center=(554.0, 870.0), radius=284.0, confidence=97.3) (method: edge)
  Extracting color for Circle(center=(1086.0, 1494.0), radius=284.0, confidence=60.8) (method: edge)
  Extracting color for Circle(center=(528.0, 700.0), radius=283.0, confidence=56.2) (method: edge)
  Extracting color for Circle(center=(1286.0, 926.0), radius=282.0, confidence=97.0) (method: edge)
  Extracting color for Circle(center=(342.0, 1470.0), radius=280.0, confidence=85.8) (method: edge)
  Extracting color for Circle(center=(434.0, 1334.0), radius=280.0, confidence=60.1) (method: edge)
  Extracting color for Circle(center=(510.0, 292.0), radius=280.0, confidence=58.8) (method: edge)
  Extracting color for Circle(center=(526.0, 784.0), radius=279.0, confidence=66.5) (method: edge)
  Extracting color for Circle(center=(1348.0, 452.0), radius=279.0, confidence=65.4) (method: edge)
  Extracting color for Circle(center=(1254.0, 960.0), radius=278.0, confidence=97.9) (method: edge)
  Extracting color for Circle(center=(1254.0, 930.0), radius=278.0, confidence=97.4) (method: edge)
  Extracting color for Circle(center=(500.0, 972.0), radius=277.0, confidence=77.5) (method: edge)
  Extracting color for Circle(center=(1280.0, 960.0), radius=276.0, confidence=97.7) (method: edge)
  Extracting color for Circle(center=(428.0, 1412.0), radius=275.0, confidence=79.8) (method: edge)
  Extracting color for Circle(center=(1188.0, 1360.0), radius=275.0, confidence=72.4) (method: edge)
  Extracting color for Circle(center=(304.0, 1460.0), radius=274.0, confidence=71.0) (method: edge)
  Extracting color for Circle(center=(862.0, 356.0), radius=273.0, confidence=89.2) (method: edge)
  Extracting color for Circle(center=(1162.0, 1462.0), radius=273.0, confidence=89.0) (method: edge)
  Extracting color for Circle(center=(614.0, 672.0), radius=273.0, confidence=83.5) (method: edge)
  Extracting color for Circle(center=(1034.0, 1334.0), radius=273.0, confidence=75.3) (method: edge)
  Extracting color for Circle(center=(336.0, 286.0), radius=273.0, confidence=69.0) (method: edge)
  Extracting color for Circle(center=(1272.0, 284.0), radius=272.0, confidence=72.1) (method: edge)
  Extracting color for Circle(center=(436.0, 864.0), radius=272.0, confidence=68.9) (method: edge)
  Extracting color for Circle(center=(1324.0, 282.0), radius=270.0, confidence=60.0) (method: edge)
  Extracting color for Circle(center=(1016.0, 1408.0), radius=269.0, confidence=76.0) (method: edge)
  Extracting color for Circle(center=(1394.0, 282.0), radius=269.0, confidence=55.0) (method: edge)
  Extracting color for Circle(center=(1142.0, 988.0), radius=268.0, confidence=80.7) (method: edge)
  Extracting color for Circle(center=(430.0, 1384.0), radius=268.0, confidence=79.7) (method: edge)
  Extracting color for Circle(center=(1022.0, 1366.0), radius=268.0, confidence=69.5) (method: edge)
  Extracting color for Circle(center=(294.0, 280.0), radius=267.0, confidence=65.3) (method: edge)
  Extracting color for Circle(center=(526.0, 964.0), radius=266.0, confidence=83.0) (method: edge)
  Extracting color for Circle(center=(468.0, 944.0), radius=266.0, confidence=82.5) (method: edge)
  Extracting color for Circle(center=(222.0, 302.0), radius=266.0, confidence=58.3) (method: edge)
  Extracting color for Circle(center=(1214.0, 1200.0), radius=265.0, confidence=99.2) (method: edge)
  Extracting color for Circle(center=(1038.0, 1446.0), radius=265.0, confidence=76.4) (method: edge)
  Extracting color for Circle(center=(536.0, 862.0), radius=264.0, confidence=99.4) (method: edge)
  Extracting color for Circle(center=(358.0, 1294.0), radius=263.0, confidence=77.0) (method: edge)
  Extracting color for Circle(center=(636.0, 608.0), radius=263.0, confidence=61.3) (method: edge)
  Extracting color for Circle(center=(580.0, 938.0), radius=262.0, confidence=86.6) (method: edge)
  Extracting color for Circle(center=(518.0, 988.0), radius=261.0, confidence=62.8) (method: edge)
  Extracting color for Circle(center=(558.0, 950.0), radius=260.0, confidence=86.0) (method: edge)
  Extracting color for Circle(center=(392.0, 1312.0), radius=260.0, confidence=76.9) (method: edge)
  Extracting color for Circle(center=(520.0, 804.0), radius=260.0, confidence=64.2) (method: edge)
  Extracting color for Circle(center=(394.0, 272.0), radius=260.0, confidence=52.6) (method: edge)
  Extracting color for Circle(center=(1120.0, 992.0), radius=259.0, confidence=80.6) (method: edge)
  Extracting color for Circle(center=(948.0, 334.0), radius=259.0, confidence=72.0) (method: edge)
  Extracting color for Circle(center=(1268.0, 944.0), radius=258.0, confidence=99.6) (method: edge)
  Extracting color for Circle(center=(618.0, 646.0), radius=258.0, confidence=76.3) (method: edge)
  Extracting color for Circle(center=(394.0, 1432.0), radius=258.0, confidence=70.7) (method: edge)
  Extracting color for Circle(center=(1370.0, 1476.0), radius=257.0, confidence=80.5) (method: edge)
  Extracting color for Circle(center=(1146.0, 966.0), radius=256.0, confidence=75.2) (method: edge)
  Extracting color for Circle(center=(418.0, 1366.0), radius=256.0, confidence=67.9) (method: edge)
  Extracting color for Circle(center=(1416.0, 268.0), radius=256.0, confidence=65.8) (method: edge)
  Extracting color for Circle(center=(900.0, 258.0), radius=255.0, confidence=77.9) (method: edge)
  Extracting color for Circle(center=(1372.0, 434.0), radius=255.0, confidence=65.2) (method: edge)
  Extracting color for Circle(center=(272.0, 1370.0), radius=255.0, confidence=60.7) (method: edge)
  Extracting color for Circle(center=(1132.0, 320.0), radius=255.0, confidence=50.7) (method: edge)
  Extracting color for Circle(center=(1142.0, 920.0), radius=254.0, confidence=78.6) (method: edge)
  Extracting color for Circle(center=(598.0, 660.0), radius=254.0, confidence=74.8) (method: edge)
  Extracting color for Circle(center=(1372.0, 476.0), radius=254.0, confidence=53.7) (method: edge)
  Extracting color for Circle(center=(1170.0, 1406.0), radius=252.0, confidence=65.6) (method: edge)
  Extracting color for Circle(center=(1458.0, 264.0), radius=251.0, confidence=53.6) (method: edge)
  Extracting color for Circle(center=(314.0, 1434.0), radius=250.0, confidence=76.8) (method: edge)
  Extracting color for Circle(center=(334.0, 1440.0), radius=250.0, confidence=67.8) (method: edge)
  Extracting color for Circle(center=(472.0, 838.0), radius=249.0, confidence=78.5) (method: edge)
  Extracting color for Circle(center=(888.0, 364.0), radius=249.0, confidence=75.1) (method: edge)
  Extracting color for Circle(center=(312.0, 262.0), radius=249.0, confidence=65.1) (method: edge)
  Extracting color for Circle(center=(1296.0, 262.0), radius=249.0, confidence=57.0) (method: edge)
  Extracting color for Circle(center=(1142.0, 942.0), radius=248.0, confidence=73.6) (method: edge)
  Extracting color for Circle(center=(614.0, 574.0), radius=248.0, confidence=67.7) (method: edge)
  Extracting color for Circle(center=(1166.0, 1378.0), radius=248.0, confidence=62.2) (method: edge)
  Extracting color for Circle(center=(1038.0, 1392.0), radius=246.0, confidence=79.5) (method: edge)
  Extracting color for Circle(center=(1060.0, 1442.0), radius=246.0, confidence=78.4) (method: edge)
  Extracting color for Circle(center=(530.0, 662.0), radius=246.0, confidence=66.8) (method: edge)
  Extracting color for Circle(center=(308.0, 1250.0), radius=246.0, confidence=64.1) (method: edge)
  Extracting color for Circle(center=(498.0, 628.0), radius=245.0, confidence=80.3) (method: edge)
  Extracting color for Circle(center=(576.0, 916.0), radius=245.0, confidence=77.8) (method: edge)
  Extracting color for Circle(center=(1230.0, 1216.0), radius=244.0, confidence=95.9) (method: edge)
  Extracting color for Circle(center=(402.0, 1350.0), radius=244.0, confidence=77.4) (method: edge)
  Extracting color for Circle(center=(536.0, 820.0), radius=244.0, confidence=66.4) (method: edge)
  Extracting color for Circle(center=(1124.0, 972.0), radius=243.0, confidence=92.3) (method: edge)
  Extracting color for Circle(center=(1056.0, 1356.0), radius=243.0, confidence=75.9) (method: edge)
  Extracting color for Circle(center=(508.0, 940.0), radius=243.0, confidence=71.9) (method: edge)
  Extracting color for Circle(center=(1140.0, 1440.0), radius=242.0, confidence=84.2) (method: edge)
  Extracting color for Circle(center=(484.0, 924.0), radius=241.0, confidence=77.2) (method: edge)
  Extracting color for Circle(center=(374.0, 254.0), radius=241.0, confidence=59.9) (method: edge)
  Extracting color for Circle(center=(378.0, 1328.0), radius=239.0, confidence=85.1) (method: edge)
  Extracting color for Circle(center=(542.0, 936.0), radius=239.0, confidence=75.8) (method: edge)
  Extracting color for Circle(center=(1388.0, 250.0), radius=239.0, confidence=62.7) (method: edge)
  Extracting color for Circle(center=(500.0, 604.0), radius=238.0, confidence=71.8) (method: edge)
  Extracting color for Circle(center=(394.0, 1494.0), radius=238.0, confidence=68.8) (method: edge)
  Extracting color for Circle(center=(1054.0, 1422.0), radius=238.0, confidence=68.4) (method: edge)
  Extracting color for Circle(center=(1102.0, 974.0), radius=238.0, confidence=62.6) (method: edge)
  Extracting color for Circle(center=(1236.0, 250.0), radius=238.0, confidence=56.2) (method: edge)
  Extracting color for Circle(center=(328.0, 1254.0), radius=237.0, confidence=59.8) (method: edge)
  Extracting color for Circle(center=(564.0, 846.0), radius=236.0, confidence=98.1) (method: edge)
  Extracting color for Circle(center=(298.0, 1400.0), radius=236.0, confidence=89.4) (method: edge)
  Extracting color for Circle(center=(594.0, 640.0), radius=236.0, confidence=82.9) (method: edge)
  Extracting color for Circle(center=(382.0, 1414.0), radius=236.0, confidence=76.7) (method: edge)
  Extracting color for Circle(center=(292.0, 1364.0), radius=236.0, confidence=67.6) (method: edge)
  Extracting color for Circle(center=(604.0, 622.0), radius=235.0, confidence=73.2) (method: edge)
  Extracting color for Circle(center=(762.0, 1222.0), radius=233.0, confidence=58.2) (method: edge)
  Extracting color for Circle(center=(358.0, 1326.0), radius=232.0, confidence=80.2) (method: edge)
  Extracting color for Circle(center=(1140.0, 1362.0), radius=232.0, confidence=79.4) (method: edge)
  Extracting color for Circle(center=(564.0, 652.0), radius=232.0, confidence=74.6) (method: edge)
  Extracting color for Circle(center=(1112.0, 1444.0), radius=232.0, confidence=62.5) (method: edge)
  Extracting color for Circle(center=(394.0, 1378.0), radius=231.0, confidence=73.1) (method: edge)
  Extracting color for Circle(center=(1148.0, 1406.0), radius=230.0, confidence=80.1) (method: edge)
  Extracting color for Circle(center=(514.0, 242.0), radius=229.0, confidence=52.5) (method: edge)
  Extracting color for Circle(center=(508.0, 838.0), radius=228.0, confidence=97.6) (method: edge)
  Extracting color for Circle(center=(1120.0, 936.0), radius=228.0, confidence=90.0) (method: edge)
  Extracting color for Circle(center=(576.0, 864.0), radius=228.0, confidence=79.1) (method: edge)
  Extracting color for Circle(center=(308.0, 1506.0), radius=228.0, confidence=53.5) (method: edge)
  Extracting color for Circle(center=(1096.0, 1350.0), radius=227.0, confidence=70.6) (method: edge)
  Extracting color for Circle(center=(552.0, 914.0), radius=226.0, confidence=84.6) (method: edge)
  Extracting color for Circle(center=(598.0, 602.0), radius=226.0, confidence=73.0) (method: edge)
  Extracting color for Circle(center=(910.0, 356.0), radius=226.0, confidence=64.6) (method: edge)
  Extracting color for Circle(center=(730.0, 1234.0), radius=226.0, confidence=59.7) (method: edge)
  Extracting color for Circle(center=(288.0, 180.0), radius=226.0, confidence=58.1) (method: edge)
  Extracting color for Circle(center=(322.0, 1410.0), radius=225.0, confidence=84.1) (method: edge)
  Extracting color for Circle(center=(518.0, 622.0), radius=225.0, confidence=81.7) (method: edge)
  Extracting color for Circle(center=(1092.0, 1436.0), radius=225.0, confidence=70.9) (method: edge)
  Extracting color for Circle(center=(1060.0, 1396.0), radius=225.0, confidence=68.7) (method: edge)
  Extracting color for Circle(center=(520.0, 580.0), radius=224.0, confidence=75.7) (method: edge)
  Extracting color for Circle(center=(900.0, 388.0), radius=223.0, confidence=89.9) (method: edge)
  Extracting color for Circle(center=(1242.0, 1234.0), radius=223.0, confidence=83.4) (method: edge)
  Extracting color for Circle(center=(560.0, 236.0), radius=223.0, confidence=59.3) (method: edge)
  Extracting color for Circle(center=(494.0, 854.0), radius=222.0, confidence=96.8) (method: edge)
  Extracting color for Circle(center=(1130.0, 1422.0), radius=222.0, confidence=74.5) (method: edge)
  Extracting color for Circle(center=(1028.0, 402.0), radius=222.0, confidence=66.7) (method: edge)
  Extracting color for Circle(center=(1072.0, 1372.0), radius=220.0, confidence=82.8) (method: edge)
  Extracting color for Circle(center=(1118.0, 1360.0), radius=220.0, confidence=68.3) (method: edge)
  Extracting color for Circle(center=(536.0, 632.0), radius=218.0, confidence=81.5) (method: edge)
  Extracting color for Circle(center=(348.0, 1410.0), radius=218.0, confidence=77.7) (method: edge)
  Extracting color for Circle(center=(1078.0, 1420.0), radius=217.0, confidence=92.1) (method: edge)
  Extracting color for Circle(center=(998.0, 1334.0), radius=217.0, confidence=52.4) (method: edge)
  Extracting color for Circle(center=(436.0, 224.0), radius=216.0, confidence=77.1) (method: edge)
  Extracting color for Circle(center=(1332.0, 436.0), radius=216.0, confidence=64.5) (method: edge)
  Extracting color for Circle(center=(266.0, 224.0), radius=215.0, confidence=68.6) (method: edge)
  Extracting color for Circle(center=(1458.0, 228.0), radius=215.0, confidence=66.3) (method: edge)
  Extracting color for Circle(center=(394.0, 228.0), radius=215.0, confidence=56.1) (method: edge)
  Extracting color for Circle(center=(1424.0, 1628.0), radius=215.0, confidence=53.4) (method: edge)
  Extracting color for Circle(center=(494.0, 890.0), radius=214.0, confidence=96.4) (method: edge)
  Extracting color for Circle(center=(526.0, 912.0), radius=214.0, confidence=94.9) (method: edge)
  Extracting color for Circle(center=(314.0, 1372.0), radius=214.0, confidence=76.6) (method: edge)
  Extracting color for Circle(center=(1414.0, 346.0), radius=214.0, confidence=57.3) (method: edge)
  Extracting color for Circle(center=(1414.0, 518.0), radius=214.0, confidence=56.9) (method: edge)
  Extracting color for Circle(center=(1414.0, 390.0), radius=214.0, confidence=52.0) (method: edge)
  Extracting color for Circle(center=(1260.0, 1226.0), radius=213.0, confidence=72.3) (method: edge)
  Extracting color for Circle(center=(1330.0, 226.0), radius=213.0, confidence=66.2) (method: edge)
  Extracting color for Circle(center=(348.0, 226.0), radius=213.0, confidence=56.0) (method: edge)
  Extracting color for Circle(center=(1414.0, 314.0), radius=213.0, confidence=55.9) (method: edge)
  Extracting color for Circle(center=(1414.0, 1552.0), radius=213.0, confidence=50.6) (method: edge)
  Extracting color for Circle(center=(506.0, 906.0), radius=212.0, confidence=97.8) (method: edge)
  Extracting color for Circle(center=(576.0, 624.0), radius=212.0, confidence=88.9) (method: edge)
  Extracting color for Circle(center=(478.0, 224.0), radius=212.0, confidence=62.1) (method: edge)
  Extracting color for Circle(center=(888.0, 316.0), radius=212.0, confidence=54.9) (method: edge)
  Extracting color for Circle(center=(1416.0, 648.0), radius=212.0, confidence=51.9) (method: edge)
  Extracting color for Circle(center=(1416.0, 442.0), radius=211.0, confidence=56.8) (method: edge)
  Extracting color for Circle(center=(1336.0, 400.0), radius=210.0, confidence=35.8) (method: edge)
  Extracting color for Circle(center=(1102.0, 946.0), radius=209.0, confidence=98.8) (method: edge)
  Extracting color for Circle(center=(372.0, 1372.0), radius=209.0, confidence=81.2) (method: edge)
  Extracting color for Circle(center=(578.0, 592.0), radius=208.0, confidence=88.8) (method: edge)
  Extracting color for Circle(center=(490.0, 828.0), radius=208.0, confidence=77.6) (method: edge)
  Extracting color for Circle(center=(470.0, 1526.0), radius=208.0, confidence=65.5) (method: edge)
  Extracting color for Circle(center=(524.0, 220.0), radius=208.0, confidence=51.3) (method: edge)
  Extracting color for Circle(center=(1420.0, 994.0), radius=208.0, confidence=35.7) (method: edge)
  Extracting color for Circle(center=(356.0, 1352.0), radius=207.0, confidence=89.8) (method: edge)
  Extracting color for Circle(center=(1248.0, 218.0), radius=206.0, confidence=35.7) (method: edge)
  Extracting color for Circle(center=(1122.0, 1384.0), radius=205.0, confidence=93.3) (method: edge)
  Extracting color for Circle(center=(328.0, 1388.0), radius=205.0, confidence=88.7) (method: edge)
  Extracting color for Circle(center=(536.0, 612.0), radius=205.0, confidence=86.9) (method: edge)
  Extracting color for Circle(center=(1080.0, 1394.0), radius=204.0, confidence=87.7) (method: edge)
  Extracting color for Circle(center=(1102.0, 1374.0), radius=203.0, confidence=91.9) (method: edge)
  Extracting color for Circle(center=(1114.0, 1412.0), radius=203.0, confidence=90.8) (method: edge)
  Extracting color for Circle(center=(540.0, 588.0), radius=203.0, confidence=84.5) (method: edge)
  Extracting color for Circle(center=(542.0, 894.0), radius=203.0, confidence=81.4) (method: edge)
  Extracting color for Circle(center=(514.0, 862.0), radius=203.0, confidence=81.0) (method: edge)
  Extracting color for Circle(center=(372.0, 1270.0), radius=203.0, confidence=54.8) (method: edge)
  Extracting color for Circle(center=(358.0, 1388.0), radius=202.0, confidence=91.6) (method: edge)
  Extracting color for Circle(center=(1156.0, 1174.0), radius=202.0, confidence=62.0) (method: edge)
  Extracting color for Circle(center=(876.0, 1532.0), radius=201.0, confidence=51.2) (method: edge)
  Extracting color for Circle(center=(964.0, 392.0), radius=200.0, confidence=75.0) (method: edge)
  Extracting color for Circle(center=(1478.0, 540.0), radius=200.0, confidence=56.7) (method: edge)
  Extracting color for Circle(center=(668.0, 1002.0), radius=200.0, confidence=53.3) (method: edge)
  Extracting color for Circle(center=(460.0, 212.0), radius=199.0, confidence=40.2) (method: edge)
  Extracting color for Circle(center=(1274.0, 210.0), radius=198.0, confidence=41.7) (method: edge)
  Extracting color for Circle(center=(1428.0, 412.0), radius=198.0, confidence=38.5) (method: edge)
  Extracting color for Circle(center=(934.0, 638.0), radius=197.0, confidence=67.4) (method: edge)
  Extracting color for Circle(center=(888.0, 462.0), radius=196.0, confidence=59.2) (method: edge)
  Extracting color for Circle(center=(1432.0, 252.0), radius=196.0, confidence=53.2) (method: edge)
  Extracting color for Circle(center=(998.0, 412.0), radius=194.0, confidence=64.0) (method: edge)
  Extracting color for Circle(center=(1480.0, 206.0), radius=193.0, confidence=59.6) (method: edge)
  Extracting color for Circle(center=(852.0, 832.0), radius=193.0, confidence=55.8) (method: edge)
  Extracting color for Circle(center=(1278.0, 1238.0), radius=192.0, confidence=66.1) (method: edge)
  Extracting color for Circle(center=(1436.0, 1488.0), radius=192.0, confidence=48.8) (method: edge)
  Extracting color for Circle(center=(1436.0, 362.0), radius=192.0, confidence=38.4) (method: edge)
  Extracting color for Circle(center=(612.0, 1556.0), radius=191.0, confidence=61.9) (method: edge)
  Extracting color for Circle(center=(1436.0, 1548.0), radius=191.0, confidence=58.0) (method: edge)
  Extracting color for Circle(center=(566.0, 1058.0), radius=191.0, confidence=53.1) (method: edge)
  Extracting color for Circle(center=(368.0, 280.0), radius=191.0, confidence=41.6) (method: edge)
  Extracting color for Circle(center=(1090.0, 930.0), radius=189.0, confidence=86.5) (method: edge)
  Extracting color for Circle(center=(598.0, 1536.0), radius=189.0, confidence=57.9) (method: edge)
  Extracting color for Circle(center=(1082.0, 952.0), radius=188.0, confidence=82.3) (method: edge)
  Extracting color for Circle(center=(476.0, 814.0), radius=188.0, confidence=69.4) (method: edge)
  Extracting color for Circle(center=(250.0, 286.0), radius=188.0, confidence=54.7) (method: edge)
  Extracting color for Circle(center=(250.0, 152.0), radius=188.0, confidence=54.1) (method: edge)
  Extracting color for Circle(center=(476.0, 1502.0), radius=186.0, confidence=70.1) (method: edge)
  Extracting color for Circle(center=(248.0, 208.0), radius=186.0, confidence=52.3) (method: edge)
  Extracting color for Circle(center=(248.0, 454.0), radius=186.0, confidence=51.8) (method: edge)
  Extracting color for Circle(center=(248.0, 496.0), radius=186.0, confidence=45.5) (method: edge)
  Extracting color for Circle(center=(1192.0, 200.0), radius=186.0, confidence=40.1) (method: edge)
  Extracting color for Circle(center=(1248.0, 530.0), radius=186.0, confidence=36.8) (method: edge)
  Extracting color for Circle(center=(586.0, 1100.0), radius=185.0, confidence=73.5) (method: edge)
  Extracting color for Circle(center=(426.0, 1548.0), radius=185.0, confidence=63.2) (method: edge)
  Extracting color for Circle(center=(954.0, 304.0), radius=185.0, confidence=50.0) (method: edge)
  Extracting color for Circle(center=(856.0, 1548.0), radius=185.0, confidence=45.5) (method: edge)
  Extracting color for Circle(center=(422.0, 198.0), radius=185.0, confidence=44.3) (method: edge)
  Extracting color for Circle(center=(1330.0, 986.0), radius=184.0, confidence=59.5) (method: edge)
  Extracting color for Circle(center=(1102.0, 1394.0), radius=183.0, confidence=99.9) (method: edge)
  Extracting color for Circle(center=(556.0, 602.0), radius=183.0, confidence=99.7) (method: edge)
  Extracting color for Circle(center=(556.0, 1550.0), radius=183.0, confidence=57.8) (method: edge)
  Extracting color for Circle(center=(598.0, 1514.0), radius=183.0, confidence=49.9) (method: edge)
  Extracting color for Circle(center=(524.0, 882.0), radius=182.0, confidence=100.0) (method: edge)
  Extracting color for Circle(center=(346.0, 1372.0), radius=182.0, confidence=99.1) (method: edge)
  Extracting color for Circle(center=(906.0, 608.0), radius=182.0, confidence=61.8) (method: edge)
  Extracting color for Circle(center=(128.0, 214.0), radius=182.0, confidence=59.1) (method: edge)
  Extracting color for Circle(center=(990.0, 384.0), radius=182.0, confidence=53.0) (method: edge)
  Extracting color for Circle(center=(242.0, 1400.0), radius=182.0, confidence=47.7) (method: edge)
  Extracting color for Circle(center=(1446.0, 1522.0), radius=182.0, confidence=40.0) (method: edge)
  Extracting color for Circle(center=(846.0, 310.0), radius=181.0, confidence=59.0) (method: edge)
  Extracting color for Circle(center=(624.0, 860.0), radius=180.0, confidence=61.7) (method: edge)
  Extracting color for Circle(center=(348.0, 306.0), radius=180.0, confidence=38.3) (method: edge)
  Extracting color for Circle(center=(456.0, 890.0), radius=179.0, confidence=57.7) (method: edge)
  Extracting color for Circle(center=(1104.0, 914.0), radius=179.0, confidence=30.7) (method: edge)
  Extracting color for Circle(center=(436.0, 1598.0), radius=178.0, confidence=63.9) (method: edge)
  Extracting color for Circle(center=(1334.0, 898.0), radius=178.0, confidence=58.7) (method: edge)
  Extracting color for Circle(center=(880.0, 262.0), radius=178.0, confidence=48.7) (method: edge)
  Extracting color for Circle(center=(644.0, 1556.0), radius=177.0, confidence=71.7) (method: edge)
  Extracting color for Circle(center=(504.0, 1510.0), radius=177.0, confidence=55.7) (method: edge)
  Extracting color for Circle(center=(1348.0, 962.0), radius=176.0, confidence=43.4) (method: edge)
  Extracting color for Circle(center=(1024.0, 288.0), radius=175.0, confidence=63.8) (method: edge)
  Extracting color for Circle(center=(236.0, 542.0), radius=175.0, confidence=51.7) (method: edge)
  Extracting color for Circle(center=(666.0, 1462.0), radius=174.0, confidence=63.1) (method: edge)
  Extracting color for Circle(center=(848.0, 378.0), radius=174.0, confidence=61.6) (method: edge)
  Extracting color for Circle(center=(454.0, 826.0), radius=174.0, confidence=54.6) (method: edge)
  Extracting color for Circle(center=(236.0, 1092.0), radius=174.0, confidence=54.0) (method: edge)
  Extracting color for Circle(center=(1298.0, 1238.0), radius=174.0, confidence=53.9) (method: edge)
  Extracting color for Circle(center=(236.0, 964.0), radius=174.0, confidence=47.6) (method: edge)
  Extracting color for Circle(center=(236.0, 324.0), radius=174.0, confidence=45.4) (method: edge)
  Extracting color for Circle(center=(488.0, 1624.0), radius=173.0, confidence=51.1) (method: edge)
  Extracting color for Circle(center=(516.0, 186.0), radius=173.0, confidence=48.7) (method: edge)
  Extracting color for Circle(center=(1372.0, 186.0), radius=173.0, confidence=46.6) (method: edge)
  Extracting color for Circle(center=(398.0, 186.0), radius=173.0, confidence=41.5) (method: edge)
  Extracting color for Circle(center=(570.0, 528.0), radius=173.0, confidence=40.0) (method: edge)
  Extracting color for Circle(center=(1456.0, 462.0), radius=172.0, confidence=39.9) (method: edge)
  Extracting color for Circle(center=(992.0, 438.0), radius=171.0, confidence=65.0) (method: edge)
  Extracting color for Circle(center=(1250.0, 184.0), radius=171.0, confidence=54.5) (method: edge)
  Extracting color for Circle(center=(1502.0, 184.0), radius=171.0, confidence=53.8) (method: edge)
  Extracting color for Circle(center=(1456.0, 390.0), radius=171.0, confidence=44.2) (method: edge)
  Extracting color for Circle(center=(1064.0, 936.0), radius=170.0, confidence=64.4) (method: edge)
  Extracting color for Circle(center=(1458.0, 562.0), radius=170.0, confidence=57.2) (method: edge)
  Extracting color for Circle(center=(1076.0, 914.0), radius=169.0, confidence=71.5) (method: edge)
  Extracting color for Circle(center=(232.0, 182.0), radius=169.0, confidence=70.0) (method: edge)
  Extracting color for Circle(center=(634.0, 1470.0), radius=169.0, confidence=61.5) (method: edge)
  Extracting color for Circle(center=(568.0, 182.0), radius=169.0, confidence=58.6) (method: edge)
  Extracting color for Circle(center=(840.0, 182.0), radius=169.0, confidence=57.6) (method: edge)
  Extracting color for Circle(center=(1526.0, 182.0), radius=169.0, confidence=52.9) (method: edge)
  Extracting color for Circle(center=(1460.0, 182.0), radius=169.0, confidence=52.2) (method: edge)
  Extracting color for Circle(center=(1398.0, 182.0), radius=169.0, confidence=50.5) (method: edge)
  Extracting color for Circle(center=(1182.0, 182.0), radius=169.0, confidence=49.8) (method: edge)
  Extracting color for Circle(center=(1226.0, 182.0), radius=169.0, confidence=48.6) (method: edge)
  Extracting color for Circle(center=(588.0, 182.0), radius=169.0, confidence=47.5) (method: edge)
  Extracting color for Circle(center=(1316.0, 182.0), radius=169.0, confidence=47.4) (method: edge)
  Extracting color for Circle(center=(538.0, 182.0), radius=169.0, confidence=44.2) (method: edge)
  Extracting color for Circle(center=(1424.0, 182.0), radius=169.0, confidence=44.1) (method: edge)
  Extracting color for Circle(center=(834.0, 1278.0), radius=169.0, confidence=43.3) (method: edge)
  Extracting color for Circle(center=(622.0, 182.0), radius=169.0, confidence=43.2) (method: edge)
  Extracting color for Circle(center=(1148.0, 182.0), radius=169.0, confidence=41.4) (method: edge)
  Extracting color for Circle(center=(1338.0, 182.0), radius=169.0, confidence=35.6) (method: edge)
  Extracting color for Circle(center=(1458.0, 434.0), radius=169.0, confidence=27.4) (method: edge)
  Extracting color for Circle(center=(1460.0, 284.0), radius=168.0, confidence=45.3) (method: edge)
  Extracting color for Circle(center=(996.0, 460.0), radius=167.0, confidence=43.1) (method: edge)
  Extracting color for Circle(center=(936.0, 180.0), radius=166.0, confidence=69.9) (method: edge)
  Extracting color for Circle(center=(1350.0, 990.0), radius=165.0, confidence=52.2) (method: edge)
  Extracting color for Circle(center=(1258.0, 1292.0), radius=165.0, confidence=49.7) (method: edge)
  Extracting color for Circle(center=(1066.0, 970.0), radius=164.0, confidence=64.9) (method: edge)
  Extracting color for Circle(center=(460.0, 796.0), radius=164.0, confidence=58.5) (method: edge)
  Extracting color for Circle(center=(490.0, 952.0), radius=164.0, confidence=51.0) (method: edge)
  Extracting color for Circle(center=(228.0, 494.0), radius=164.0, confidence=48.5) (method: edge)
  Extracting color for Circle(center=(1320.0, 868.0), radius=164.0, confidence=48.4) (method: edge)
  Extracting color for Circle(center=(622.0, 1526.0), radius=163.0, confidence=63.7) (method: edge)
  Extracting color for Circle(center=(336.0, 1354.0), radius=162.0, confidence=74.4) (method: edge)
  Extracting color for Circle(center=(1318.0, 1026.0), radius=162.0, confidence=48.3) (method: edge)
  Extracting color for Circle(center=(1318.0, 1190.0), radius=162.0, confidence=46.5) (method: edge)
  Extracting color for Circle(center=(224.0, 270.0), radius=162.0, confidence=25.4) (method: edge)
  Extracting color for Circle(center=(1516.0, 608.0), radius=161.0, confidence=55.6) (method: edge)
  Extracting color for Circle(center=(884.0, 160.0), radius=161.0, confidence=53.8) (method: edge)
  Extracting color for Circle(center=(1300.0, 1262.0), radius=161.0, confidence=52.8) (method: edge)
  Extracting color for Circle(center=(222.0, 516.0), radius=161.0, confidence=43.0) (method: edge)
  Extracting color for Circle(center=(922.0, 234.0), radius=160.0, confidence=60.6) (method: edge)
  Extracting color for Circle(center=(222.0, 1146.0), radius=160.0, confidence=56.6) (method: edge)
  Extracting color for Circle(center=(222.0, 580.0), radius=160.0, confidence=54.4) (method: edge)
  Extracting color for Circle(center=(896.0, 640.0), radius=160.0, confidence=54.3) (method: edge)
  Extracting color for Circle(center=(222.0, 1026.0), radius=160.0, confidence=50.9) (method: edge)
  Extracting color for Circle(center=(798.0, 1258.0), radius=160.0, confidence=47.3) (method: edge)
  Extracting color for Circle(center=(222.0, 602.0), radius=160.0, confidence=46.4) (method: edge)
  Extracting color for Circle(center=(222.0, 132.0), radius=160.0, confidence=46.3) (method: edge)
  Extracting color for Circle(center=(222.0, 944.0), radius=160.0, confidence=45.2) (method: edge)
  Extracting color for Circle(center=(222.0, 234.0), radius=160.0, confidence=44.0) (method: edge)
  Extracting color for Circle(center=(222.0, 700.0), radius=160.0, confidence=43.0) (method: edge)
  Extracting color for Circle(center=(222.0, 786.0), radius=160.0, confidence=42.9) (method: edge)
  Extracting color for Circle(center=(222.0, 560.0), radius=160.0, confidence=41.4) (method: edge)
  Extracting color for Circle(center=(222.0, 344.0), radius=160.0, confidence=41.3) (method: edge)
  Extracting color for Circle(center=(864.0, 896.0), radius=160.0, confidence=39.8) (method: edge)
  Extracting color for Circle(center=(222.0, 110.0), radius=160.0, confidence=38.3) (method: edge)
  Extracting color for Circle(center=(222.0, 1386.0), radius=160.0, confidence=35.5) (method: edge)
  Extracting color for Circle(center=(222.0, 740.0), radius=160.0, confidence=33.9) (method: edge)
  Extracting color for Circle(center=(222.0, 430.0), radius=160.0, confidence=32.3) (method: edge)
  Extracting color for Circle(center=(992.0, 302.0), radius=159.0, confidence=60.5) (method: edge)
  Extracting color for Circle(center=(1402.0, 1574.0), radius=159.0, confidence=52.1) (method: edge)
  Extracting color for Circle(center=(530.0, 1556.0), radius=159.0, confidence=47.2) (method: edge)
  Extracting color for Circle(center=(1350.0, 1574.0), radius=159.0, confidence=47.1) (method: edge)
  Extracting color for Circle(center=(1492.0, 596.0), radius=158.0, confidence=56.5) (method: edge)
  Extracting color for Circle(center=(1088.0, 896.0), radius=158.0, confidence=55.5) (method: edge)
  Extracting color for Circle(center=(250.0, 752.0), radius=158.0, confidence=38.2) (method: edge)
  Extracting color for Circle(center=(630.0, 1490.0), radius=157.0, confidence=74.3) (method: edge)
  Extracting color for Circle(center=(220.0, 654.0), radius=157.0, confidence=55.4) (method: edge)
  Extracting color for Circle(center=(974.0, 654.0), radius=157.0, confidence=32.2) (method: edge)
  Extracting color for Circle(center=(854.0, 200.0), radius=156.0, confidence=49.7) (method: edge)
  Extracting color for Circle(center=(218.0, 476.0), radius=156.0, confidence=46.2) (method: edge)
  Extracting color for Circle(center=(888.0, 1096.0), radius=156.0, confidence=42.8) (method: edge)
  Extracting color for Circle(center=(1358.0, 168.0), radius=156.0, confidence=32.1) (method: edge)
  Extracting color for Circle(center=(606.0, 1078.0), radius=155.0, confidence=69.8) (method: edge)
  Extracting color for Circle(center=(526.0, 1578.0), radius=155.0, confidence=63.6) (method: edge)
  Extracting color for Circle(center=(1516.0, 1580.0), radius=154.0, confidence=50.4) (method: edge)
  Extracting color for Circle(center=(1178.0, 892.0), radius=154.0, confidence=46.2) (method: edge)
  Extracting color for Circle(center=(644.0, 1044.0), radius=152.0, confidence=71.4) (method: edge)
  Extracting color for Circle(center=(928.0, 206.0), radius=152.0, confidence=60.4) (method: edge)
  Extracting color for Circle(center=(454.0, 1566.0), radius=152.0, confidence=59.4) (method: edge)
  Extracting color for Circle(center=(1166.0, 970.0), radius=152.0, confidence=36.7) (method: edge)
  Extracting color for Circle(center=(1014.0, 624.0), radius=152.0, confidence=33.8) (method: edge)
  Extracting color for Circle(center=(696.0, 1246.0), radius=152.0, confidence=32.0) (method: edge)
  Extracting color for Circle(center=(800.0, 330.0), radius=151.0, confidence=75.5) (method: edge)
  Extracting color for Circle(center=(830.0, 336.0), radius=151.0, confidence=74.2) (method: edge)
  Extracting color for Circle(center=(1524.0, 628.0), radius=151.0, confidence=64.3) (method: edge)
  Extracting color for Circle(center=(644.0, 1528.0), radius=150.0, confidence=74.9) (method: edge)
  Extracting color for Circle(center=(1020.0, 316.0), radius=150.0, confidence=67.3) (method: edge)
  Extracting color for Circle(center=(982.0, 330.0), radius=150.0, confidence=66.6) (method: edge)
  Extracting color for Circle(center=(212.0, 456.0), radius=150.0, confidence=29.2) (method: edge)
  Extracting color for Circle(center=(972.0, 450.0), radius=149.0, confidence=80.9) (method: edge)
  Extracting color for Circle(center=(612.0, 1050.0), radius=149.0, confidence=70.8) (method: edge)
  Extracting color for Circle(center=(892.0, 234.0), radius=149.0, confidence=56.4) (method: edge)
  Extracting color for Circle(center=(504.0, 1540.0), radius=149.0, confidence=54.2) (method: edge)
  Extracting color for Circle(center=(202.0, 162.0), radius=149.0, confidence=52.7) (method: edge)
  Extracting color for Circle(center=(124.0, 182.0), radius=149.0, confidence=49.6) (method: edge)
  Extracting color for Circle(center=(938.0, 464.0), radius=148.0, confidence=78.3) (method: edge)
  Extracting color for Circle(center=(826.0, 366.0), radius=148.0, confidence=76.2) (method: edge)
  Extracting color for Circle(center=(948.0, 446.0), radius=148.0, confidence=72.9) (method: edge)
  Extracting color for Circle(center=(668.0, 1520.0), radius=148.0, confidence=69.3) (method: edge)
  Extracting color for Circle(center=(650.0, 1486.0), radius=148.0, confidence=67.2) (method: edge)
  Extracting color for Circle(center=(560.0, 568.0), radius=148.0, confidence=57.1) (method: edge)
  Extracting color for Circle(center=(1540.0, 644.0), radius=148.0, confidence=55.3) (method: edge)
  Extracting color for Circle(center=(672.0, 588.0), radius=148.0, confidence=48.2) (method: edge)
  Extracting color for Circle(center=(432.0, 810.0), radius=148.0, confidence=42.7) (method: edge)
  Extracting color for Circle(center=(470.0, 1590.0), radius=147.0, confidence=69.7) (method: edge)
  Extracting color for Circle(center=(1482.0, 250.0), radius=147.0, confidence=51.6) (method: edge)
  Extracting color for Circle(center=(316.0, 1350.0), radius=146.0, confidence=58.4) (method: edge)
  Extracting color for Circle(center=(1050.0, 910.0), radius=146.0, confidence=56.3) (method: edge)
  Extracting color for Circle(center=(1230.0, 462.0), radius=146.0, confidence=35.4) (method: edge)
  Extracting color for Circle(center=(1292.0, 836.0), radius=146.0, confidence=29.2) (method: edge)
  Extracting color for Circle(center=(448.0, 942.0), radius=145.0, confidence=51.5) (method: edge)
  Extracting color for Circle(center=(1482.0, 382.0), radius=145.0, confidence=45.1) (method: edge)
  Extracting color for Circle(center=(208.0, 494.0), radius=145.0, confidence=35.4) (method: edge)
  Extracting color for Circle(center=(506.0, 1590.0), radius=144.0, confidence=78.2) (method: edge)
  Extracting color for Circle(center=(1064.0, 892.0), radius=144.0, confidence=50.3) (method: edge)
  Extracting color for Circle(center=(206.0, 624.0), radius=144.0, confidence=48.1) (method: edge)
  Extracting color for Circle(center=(878.0, 1590.0), radius=144.0, confidence=41.2) (method: edge)
  Extracting color for Circle(center=(470.0, 1552.0), radius=143.0, confidence=64.8) (method: edge)
  Extracting color for Circle(center=(378.0, 1350.0), radius=143.0, confidence=61.2) (method: edge)
  Extracting color for Circle(center=(1360.0, 1014.0), radius=143.0, confidence=45.0) (method: edge)
  Extracting color for Circle(center=(1322.0, 1260.0), radius=143.0, confidence=43.9) (method: edge)
  Extracting color for Circle(center=(1344.0, 1032.0), radius=143.0, confidence=39.7) (method: edge)
  Extracting color for Circle(center=(636.0, 1236.0), radius=143.0, confidence=30.6) (method: edge)
  Extracting color for Circle(center=(332.0, 1334.0), radius=142.0, confidence=49.5) (method: edge)
  Extracting color for Circle(center=(1040.0, 966.0), radius=142.0, confidence=39.6) (method: edge)
  Extracting color for Circle(center=(872.0, 1180.0), radius=142.0, confidence=32.0) (method: edge)
  Extracting color for Circle(center=(1144.0, 1382.0), radius=141.0, confidence=50.8) (method: edge)
  Extracting color for Circle(center=(664.0, 860.0), radius=141.0, confidence=48.0) (method: edge)
  Extracting color for Circle(center=(1182.0, 1024.0), radius=141.0, confidence=46.1) (method: edge)
  Extracting color for Circle(center=(204.0, 1250.0), radius=141.0, confidence=41.1) (method: edge)
  Extracting color for Circle(center=(346.0, 356.0), radius=141.0, confidence=25.3) (method: edge)
  Extracting color for Circle(center=(876.0, 218.0), radius=140.0, confidence=69.6) (method: edge)
  Extracting color for Circle(center=(876.0, 186.0), radius=140.0, confidence=68.2) (method: edge)
  Extracting color for Circle(center=(906.0, 220.0), radius=140.0, confidence=67.1) (method: edge)
  Extracting color for Circle(center=(1378.0, 900.0), radius=140.0, confidence=31.9) (method: edge)
  Extracting color for Circle(center=(1266.0, 1316.0), radius=139.0, confidence=35.3) (method: edge)
  Extracting color for Circle(center=(906.0, 186.0), radius=138.0, confidence=71.3) (method: edge)
  Extracting color for Circle(center=(510.0, 1564.0), radius=138.0, confidence=61.4) (method: edge)
  Extracting color for Circle(center=(592.0, 576.0), radius=138.0, confidence=60.3) (method: edge)
  Extracting color for Circle(center=(460.0, 962.0), radius=138.0, confidence=49.4) (method: edge)
  Extracting color for Circle(center=(480.0, 976.0), radius=138.0, confidence=39.5) (method: edge)
  Extracting color for Circle(center=(1490.0, 622.0), radius=138.0, confidence=27.3) (method: edge)
  Extracting color for Circle(center=(724.0, 150.0), radius=137.0, confidence=38.1) (method: edge)
  Extracting color for Circle(center=(858.0, 702.0), radius=136.0, confidence=49.3) (method: edge)
  Extracting color for Circle(center=(1080.0, 876.0), radius=136.0, confidence=44.9) (method: edge)
  Extracting color for Circle(center=(138.0, 864.0), radius=136.0, confidence=41.0) (method: edge)
  Extracting color for Circle(center=(1370.0, 876.0), radius=136.0, confidence=39.5) (method: edge)
  Extracting color for Circle(center=(736.0, 608.0), radius=136.0, confidence=29.1) (method: edge)
  Extracting color for Circle(center=(1378.0, 1550.0), radius=135.0, confidence=47.0) (method: edge)
  Extracting color for Circle(center=(1078.0, 604.0), radius=134.0, confidence=51.4) (method: edge)
  Extracting color for Circle(center=(1314.0, 1286.0), radius=134.0, confidence=33.8) (method: edge)
  Extracting color for Circle(center=(414.0, 908.0), radius=134.0, confidence=31.8) (method: edge)
  Extracting color for Circle(center=(312.0, 400.0), radius=134.0, confidence=27.3) (method: edge)
  Extracting color for Circle(center=(656.0, 926.0), radius=133.0, confidence=42.6) (method: edge)
  Extracting color for Circle(center=(1544.0, 1422.0), radius=133.0, confidence=29.0) (method: edge)
  Extracting color for Circle(center=(892.0, 680.0), radius=132.0, confidence=42.5) (method: edge)
  Extracting color for Circle(center=(1166.0, 872.0), radius=132.0, confidence=38.0) (method: edge)
  Extracting color for Circle(center=(580.0, 558.0), radius=132.0, confidence=37.9) (method: edge)
  Extracting color for Circle(center=(1248.0, 144.0), radius=132.0, confidence=35.2) (method: edge)
  Extracting color for Circle(center=(1496.0, 1470.0), radius=131.0, confidence=43.8) (method: edge)
  Extracting color for Circle(center=(820.0, 1238.0), radius=131.0, confidence=36.7) (method: edge)
  Extracting color for Circle(center=(164.0, 182.0), radius=131.0, confidence=35.1) (method: edge)
  Extracting color for Circle(center=(816.0, 1126.0), radius=131.0, confidence=33.7) (method: edge)
  Extracting color for Circle(center=(668.0, 896.0), radius=131.0, confidence=27.2) (method: edge)
  Extracting color for Circle(center=(194.0, 680.0), radius=131.0, confidence=27.1) (method: edge)
  Extracting color for Circle(center=(192.0, 182.0), radius=130.0, confidence=46.0) (method: edge)
  Extracting color for Circle(center=(1360.0, 856.0), radius=130.0, confidence=39.4) (method: edge)
  Extracting color for Circle(center=(1414.0, 142.0), radius=130.0, confidence=37.9) (method: edge)
  Extracting color for Circle(center=(1214.0, 480.0), radius=130.0, confidence=37.8) (method: edge)
  Extracting color for Circle(center=(1210.0, 142.0), radius=130.0, confidence=35.0) (method: edge)
  Extracting color for Circle(center=(1382.0, 1254.0), radius=130.0, confidence=35.0) (method: edge)
  Extracting color for Circle(center=(1498.0, 230.0), radius=130.0, confidence=30.5) (method: edge)
  Extracting color for Circle(center=(1332.0, 834.0), radius=130.0, confidence=30.4) (method: edge)
  Extracting color for Circle(center=(402.0, 872.0), radius=130.0, confidence=29.0) (method: edge)
  Extracting color for Circle(center=(736.0, 652.0), radius=130.0, confidence=28.9) (method: edge)
  Extracting color for Circle(center=(1508.0, 142.0), radius=130.0, confidence=25.3) (method: edge)
  Extracting color for Circle(center=(652.0, 1506.0), radius=129.0, confidence=98.7) (method: edge)
  Extracting color for Circle(center=(1006.0, 330.0), radius=129.0, confidence=98.6) (method: edge)
  Extracting color for Circle(center=(276.0, 1070.0), radius=129.0, confidence=40.9) (method: edge)
  Extracting color for Circle(center=(820.0, 438.0), radius=129.0, confidence=34.9) (method: edge)
  Extracting color for Circle(center=(1150.0, 894.0), radius=129.0, confidence=25.2) (method: edge)
  Extracting color for Circle(center=(812.0, 350.0), radius=128.0, confidence=98.5) (method: edge)
  Extracting color for Circle(center=(630.0, 1062.0), radius=128.0, confidence=98.3) (method: edge)
  Extracting color for Circle(center=(958.0, 466.0), radius=128.0, confidence=98.2) (method: edge)
  Extracting color for Circle(center=(312.0, 1330.0), radius=128.0, confidence=45.9) (method: edge)
  Extracting color for Circle(center=(588.0, 1182.0), radius=128.0, confidence=42.5) (method: edge)
  Extracting color for Circle(center=(1198.0, 1054.0), radius=128.0, confidence=34.8) (method: edge)
  Extracting color for Circle(center=(1500.0, 480.0), radius=128.0, confidence=33.6) (method: edge)
  Extracting color for Circle(center=(1464.0, 1502.0), radius=128.0, confidence=27.0) (method: edge)
  Extracting color for Circle(center=(294.0, 1092.0), radius=128.0, confidence=25.1) (method: edge)
  Extracting color for Circle(center=(662.0, 1252.0), radius=127.0, confidence=47.9) (method: edge)
  Extracting color for Circle(center=(1500.0, 356.0), radius=127.0, confidence=42.4) (method: edge)
  Extracting color for Circle(center=(1500.0, 398.0), radius=127.0, confidence=39.3) (method: edge)
  Extracting color for Circle(center=(1500.0, 434.0), radius=127.0, confidence=39.2) (method: edge)
  Extracting color for Circle(center=(1206.0, 174.0), radius=127.0, confidence=31.8) (method: edge)
  Extracting color for Circle(center=(474.0, 1326.0), radius=126.0, confidence=49.2) (method: edge)
  Extracting color for Circle(center=(418.0, 934.0), radius=126.0, confidence=42.3) (method: edge)
  Extracting color for Circle(center=(522.0, 556.0), radius=126.0, confidence=40.9) (method: edge)
  Extracting color for Circle(center=(696.0, 1282.0), radius=126.0, confidence=30.4) (method: edge)
  Extracting color for Circle(center=(1126.0, 1342.0), radius=125.0, confidence=47.8) (method: edge)
  Extracting color for Circle(center=(900.0, 1006.0), radius=124.0, confidence=33.5) (method: edge)
  Extracting color for Circle(center=(758.0, 374.0), radius=123.0, confidence=45.8) (method: edge)
  Extracting color for Circle(center=(336.0, 1314.0), radius=123.0, confidence=36.6) (method: edge)
  Extracting color for Circle(center=(518.0, 136.0), radius=123.0, confidence=31.7) (method: edge)
  Extracting color for Circle(center=(1506.0, 250.0), radius=123.0, confidence=28.8) (method: edge)
  Extracting color for Circle(center=(812.0, 1314.0), radius=122.0, confidence=30.3) (method: edge)
  Extracting color for Circle(center=(396.0, 848.0), radius=122.0, confidence=27.0) (method: edge)
  Extracting color for Circle(center=(1070.0, 1340.0), radius=121.0, confidence=49.1) (method: edge)
  Extracting color for Circle(center=(1300.0, 1624.0), radius=121.0, confidence=49.0) (method: edge)
  Extracting color for Circle(center=(436.0, 964.0), radius=121.0, confidence=40.8) (method: edge)
  Extracting color for Circle(center=(982.0, 532.0), radius=121.0, confidence=37.7) (method: edge)
  Extracting color for Circle(center=(796.0, 418.0), radius=121.0, confidence=36.5) (method: edge)
  Extracting color for Circle(center=(736.0, 1288.0), radius=121.0, confidence=28.8) (method: edge)
  Extracting color for Circle(center=(404.0, 342.0), radius=120.0, confidence=45.7) (method: edge)
  Extracting color for Circle(center=(1040.0, 882.0), radius=120.0, confidence=44.8) (method: edge)
  Extracting color for Circle(center=(1322.0, 1602.0), radius=120.0, confidence=43.7) (method: edge)
  Extracting color for Circle(center=(1384.0, 1020.0), radius=120.0, confidence=36.4) (method: edge)
  Extracting color for Circle(center=(494.0, 582.0), radius=119.0, confidence=50.2) (method: edge)
  Extracting color for Circle(center=(1174.0, 510.0), radius=119.0, confidence=39.1) (method: edge)
  Extracting color for Circle(center=(620.0, 594.0), radius=119.0, confidence=33.5) (method: edge)
  Extracting color for Circle(center=(854.0, 642.0), radius=119.0, confidence=31.6) (method: edge)
  Extracting color for Circle(center=(1194.0, 490.0), radius=119.0, confidence=30.2) (method: edge)
  Extracting color for Circle(center=(892.0, 202.0), radius=118.0, confidence=99.5) (method: edge)
  Extracting color for Circle(center=(976.0, 710.0), radius=118.0, confidence=39.1) (method: edge)
  Extracting color for Circle(center=(1164.0, 1038.0), radius=118.0, confidence=36.4) (method: edge)
  Extracting color for Circle(center=(832.0, 616.0), radius=118.0, confidence=34.7) (method: edge)
  Extracting color for Circle(center=(476.0, 996.0), radius=118.0, confidence=30.2) (method: edge)
  Extracting color for Circle(center=(180.0, 394.0), radius=118.0, confidence=25.1) (method: edge)
  Extracting color for Circle(center=(490.0, 1568.0), radius=117.0, confidence=99.0) (method: edge)
  Extracting color for Circle(center=(622.0, 1264.0), radius=117.0, confidence=30.1) (method: edge)
  Extracting color for Circle(center=(1348.0, 580.0), radius=117.0, confidence=25.0) (method: edge)
  Extracting color for Circle(center=(1336.0, 1290.0), radius=116.0, confidence=47.0) (method: edge)
  Extracting color for Circle(center=(1308.0, 1316.0), radius=116.0, confidence=44.8) (method: edge)
  Extracting color for Circle(center=(1006.0, 678.0), radius=116.0, confidence=39.0) (method: edge)
  Extracting color for Circle(center=(636.0, 1306.0), radius=116.0, confidence=31.5) (method: edge)
  Extracting color for Circle(center=(522.0, 1448.0), radius=115.0, confidence=44.7) (method: edge)
  Extracting color for Circle(center=(1478.0, 1618.0), radius=115.0, confidence=30.0) (method: edge)
  Extracting color for Circle(center=(870.0, 1038.0), radius=114.0, confidence=36.3) (method: edge)
  Extracting color for Circle(center=(1382.0, 856.0), radius=114.0, confidence=33.4) (method: edge)
  Extracting color for Circle(center=(398.0, 922.0), radius=114.0, confidence=26.9) (method: edge)
  Extracting color for Circle(center=(840.0, 1256.0), radius=113.0, confidence=42.2) (method: edge)
  Extracting color for Circle(center=(662.0, 770.0), radius=113.0, confidence=37.6) (method: edge)
  Extracting color for Circle(center=(874.0, 718.0), radius=113.0, confidence=34.7) (method: edge)
  Extracting color for Circle(center=(1062.0, 1218.0), radius=113.0, confidence=26.8) (method: edge)
  Extracting color for Circle(center=(1358.0, 830.0), radius=112.0, confidence=34.6) (method: edge)
  Extracting color for Circle(center=(1516.0, 706.0), radius=112.0, confidence=31.5) (method: edge)
  Extracting color for Circle(center=(502.0, 554.0), radius=111.0, confidence=42.1) (method: edge)
  Extracting color for Circle(center=(1352.0, 1548.0), radius=111.0, confidence=42.0) (method: edge)
  Extracting color for Circle(center=(1164.0, 1356.0), radius=111.0, confidence=40.7) (method: edge)
  Extracting color for Circle(center=(1148.0, 608.0), radius=111.0, confidence=31.4) (method: edge)
  Extracting color for Circle(center=(1516.0, 748.0), radius=111.0, confidence=26.8) (method: edge)
  Extracting color for Circle(center=(442.0, 984.0), radius=110.0, confidence=36.2) (method: edge)
  Extracting color for Circle(center=(820.0, 480.0), radius=110.0, confidence=31.3) (method: edge)
  Extracting color for Circle(center=(246.0, 628.0), radius=109.0, confidence=45.6) (method: edge)
  Extracting color for Circle(center=(1050.0, 860.0), radius=109.0, confidence=41.9) (method: edge)
  Extracting color for Circle(center=(374.0, 632.0), radius=109.0, confidence=26.7) (method: edge)
  Extracting color for Circle(center=(994.0, 348.0), radius=108.0, confidence=61.1) (method: edge)
  Extracting color for Circle(center=(1022.0, 344.0), radius=108.0, confidence=57.5) (method: edge)
  Extracting color for Circle(center=(284.0, 590.0), radius=108.0, confidence=38.9) (method: edge)
  Extracting color for Circle(center=(1400.0, 1524.0), radius=108.0, confidence=37.5) (method: edge)
  Extracting color for Circle(center=(266.0, 608.0), radius=108.0, confidence=37.5) (method: edge)
  Extracting color for Circle(center=(282.0, 1414.0), radius=108.0, confidence=36.1) (method: edge)
  Extracting color for Circle(center=(288.0, 1324.0), radius=108.0, confidence=28.7) (method: edge)
  Extracting color for Circle(center=(674.0, 1438.0), radius=108.0, confidence=26.6) (method: edge)
  Extracting color for Circle(center=(644.0, 1078.0), radius=107.0, confidence=63.5) (method: edge)
  Extracting color for Circle(center=(948.0, 484.0), radius=107.0, confidence=61.0) (method: edge)
  Extracting color for Circle(center=(794.0, 362.0), radius=107.0, confidence=58.9) (method: edge)
  Extracting color for Circle(center=(1360.0, 1266.0), radius=107.0, confidence=37.4) (method: edge)
  Extracting color for Circle(center=(714.0, 330.0), radius=107.0, confidence=28.6) (method: edge)
  Extracting color for Circle(center=(682.0, 790.0), radius=106.0, confidence=28.6) (method: edge)
  Extracting color for Circle(center=(1338.0, 1080.0), radius=106.0, confidence=28.5) (method: edge)
  Extracting color for Circle(center=(1166.0, 834.0), radius=106.0, confidence=26.6) (method: edge)
  Extracting color for Circle(center=(852.0, 1132.0), radius=105.0, confidence=37.3) (method: edge)
  Extracting color for Circle(center=(1522.0, 1402.0), radius=105.0, confidence=36.0) (method: edge)
  Extracting color for Circle(center=(1522.0, 334.0), radius=105.0, confidence=30.0) (method: edge)
  Extracting color for Circle(center=(974.0, 482.0), radius=104.0, confidence=60.2) (method: edge)
  Extracting color for Circle(center=(670.0, 1488.0), radius=103.0, confidence=57.4) (method: edge)
  Extracting color for Circle(center=(166.0, 536.0), radius=103.0, confidence=34.5) (method: edge)
  Extracting color for Circle(center=(854.0, 670.0), radius=103.0, confidence=33.3) (method: edge)
  Extracting color for Circle(center=(166.0, 408.0), radius=103.0, confidence=29.9) (method: edge)
  Extracting color for Circle(center=(410.0, 1328.0), radius=103.0, confidence=28.4) (method: edge)
  Extracting color for Circle(center=(336.0, 422.0), radius=102.0, confidence=34.4) (method: edge)
  Extracting color for Circle(center=(164.0, 238.0), radius=102.0, confidence=33.2) (method: edge)
  Extracting color for Circle(center=(164.0, 892.0), radius=102.0, confidence=29.8) (method: edge)
  Extracting color for Circle(center=(378.0, 380.0), radius=102.0, confidence=29.7) (method: edge)
  Extracting color for Circle(center=(1110.0, 636.0), radius=101.0, confidence=31.2) (method: edge)
  Extracting color for Circle(center=(600.0, 1250.0), radius=101.0, confidence=28.3) (method: edge)
  Extracting color for Circle(center=(804.0, 378.0), radius=100.0, confidence=50.8) (method: edge)
  Extracting color for Circle(center=(1186.0, 472.0), radius=100.0, confidence=37.2) (method: edge)
  Extracting color for Circle(center=(1156.0, 1056.0), radius=100.0, confidence=26.5) (method: edge)
  Extracting color for Circle(center=(658.0, 1062.0), radius=99.0, confidence=37.1) (method: edge)
  Extracting color for Circle(center=(308.0, 1634.0), radius=99.0, confidence=29.7) (method: edge)
  Extracting color for Circle(center=(180.0, 908.0), radius=98.0, confidence=38.8) (method: edge)
  Extracting color for Circle(center=(1156.0, 1328.0), radius=98.0, confidence=37.1) (method: edge)
  Extracting color for Circle(center=(1504.0, 1420.0), radius=98.0, confidence=34.4) (method: edge)
  Extracting color for Circle(center=(656.0, 1286.0), radius=97.0, confidence=40.6) (method: edge)
  Extracting color for Circle(center=(478.0, 352.0), radius=97.0, confidence=29.6) (method: edge)
  Extracting color for Circle(center=(1334.0, 352.0), radius=97.0, confidence=28.3) (method: edge)
  Extracting color for Circle(center=(1088.0, 640.0), radius=96.0, confidence=50.1) (method: edge)
  Extracting color for Circle(center=(222.0, 1124.0), radius=96.0, confidence=43.6) (method: edge)
  Extracting color for Circle(center=(610.0, 1288.0), radius=96.0, confidence=28.2) (method: edge)
  Extracting color for Circle(center=(536.0, 1434.0), radius=95.0, confidence=71.2) (method: edge)
  Extracting color for Circle(center=(1374.0, 608.0), radius=95.0, confidence=33.2) (method: edge)
  Extracting color for Circle(center=(1032.0, 652.0), radius=95.0, confidence=31.2) (method: edge)
  Extracting color for Circle(center=(866.0, 1250.0), radius=95.0, confidence=28.1) (method: edge)
  Extracting color for Circle(center=(606.0, 266.0), radius=94.0, confidence=40.5) (method: edge)
  Extracting color for Circle(center=(626.0, 1098.0), radius=94.0, confidence=40.5) (method: edge)
  Extracting color for Circle(center=(1358.0, 1294.0), radius=94.0, confidence=38.7) (method: edge)
  Extracting color for Circle(center=(778.0, 992.0), radius=94.0, confidence=33.1) (method: edge)
  Extracting color for Circle(center=(286.0, 1442.0), radius=94.0, confidence=28.1) (method: edge)
  Extracting color for Circle(center=(566.0, 1248.0), radius=94.0, confidence=26.4) (method: edge)
  Extracting color for Circle(center=(456.0, 1012.0), radius=94.0, confidence=26.4) (method: edge)
  Extracting color for Circle(center=(1334.0, 138.0), radius=93.0, confidence=33.0) (method: edge)
  Extracting color for Circle(center=(1462.0, 352.0), radius=93.0, confidence=29.5) (method: edge)
  Extracting color for Circle(center=(564.0, 138.0), radius=93.0, confidence=28.0) (method: edge)
  Extracting color for Circle(center=(1248.0, 352.0), radius=93.0, confidence=26.3) (method: edge)
  Extracting color for Circle(center=(662.0, 1542.0), radius=93.0, confidence=26.2) (method: edge)
  Extracting color for Circle(center=(690.0, 1508.0), radius=92.0, confidence=46.9) (method: edge)
  Extracting color for Circle(center=(944.0, 690.0), radius=92.0, confidence=32.9) (method: edge)
  Extracting color for Circle(center=(1042.0, 340.0), radius=91.0, confidence=36.0) (method: edge)
  Extracting color for Circle(center=(182.0, 1594.0), radius=91.0, confidence=26.2) (method: edge)
  Extracting color for Circle(center=(1018.0, 368.0), radius=90.0, confidence=46.8) (method: edge)
  Extracting color for Circle(center=(780.0, 328.0), radius=90.0, confidence=40.4) (method: edge)
  Extracting color for Circle(center=(258.0, 1078.0), radius=90.0, confidence=26.1) (method: edge)
  Extracting color for Circle(center=(962.0, 504.0), radius=89.0, confidence=40.3) (method: edge)
  Extracting color for Circle(center=(384.0, 772.0), radius=89.0, confidence=26.0) (method: edge)
  Extracting color for Circle(center=(684.0, 1532.0), radius=88.0, confidence=44.6) (method: edge)
  Extracting color for Circle(center=(922.0, 486.0), radius=88.0, confidence=44.5) (method: edge)
  Extracting color for Circle(center=(976.0, 362.0), radius=87.0, confidence=44.4) (method: edge)
  Extracting color for Circle(center=(784.0, 382.0), radius=87.0, confidence=38.7) (method: edge)
  Extracting color for Circle(center=(940.0, 502.0), radius=87.0, confidence=34.3) (method: edge)
  Extracting color for Circle(center=(584.0, 960.0), radius=85.0, confidence=26.0) (method: edge)
  Extracting color for Circle(center=(828.0, 392.0), radius=84.0, confidence=43.6) (method: edge)
  Extracting color for Circle(center=(544.0, 1256.0), radius=84.0, confidence=32.9) (method: edge)
  Extracting color for Circle(center=(262.0, 1430.0), radius=84.0, confidence=31.1) (method: edge)
  Extracting color for Circle(center=(990.0, 496.0), radius=83.0, confidence=32.8) (method: edge)
  Extracting color for Circle(center=(668.0, 1036.0), radius=82.0, confidence=37.0) (method: edge)
  Extracting color for Circle(center=(672.0, 1078.0), radius=82.0, confidence=29.5) (method: edge)
  Extracting color for Circle(center=(688.0, 1474.0), radius=81.0, confidence=25.9) (method: edge)
  Extracting color for Circle(center=(764.0, 352.0), radius=80.0, confidence=41.9) (method: edge)
  Extracting color for Circle(center=(446.0, 1132.0), radius=80.0, confidence=31.0) (method: edge)
  Extracting color for Circle(center=(664.0, 1098.0), radius=79.0, confidence=32.7) (method: edge)
  Extracting color for Circle(center=(474.0, 1200.0), radius=78.0, confidence=34.2) (method: edge)
  Extracting color for Circle(center=(1042.0, 368.0), radius=77.0, confidence=25.8) (method: edge)
  Extracting color for Circle(center=(858.0, 228.0), radius=77.0, confidence=25.8) (method: edge)
  Extracting color for Circle(center=(782.0, 308.0), radius=76.0, confidence=27.9) (method: edge)
  Extracting color for Circle(center=(806.0, 552.0), radius=74.0, confidence=25.7) (method: edge)
  Extracting color for Circle(center=(868.0, 788.0), radius=73.0, confidence=32.6) (method: edge)
  Extracting color for Circle(center=(680.0, 1556.0), radius=72.0, confidence=32.6) (method: edge)
  Extracting color for Circle(center=(860.0, 170.0), radius=72.0, confidence=25.7) (method: edge)
  Extracting color for Circle(center=(1556.0, 788.0), radius=71.0, confidence=31.0) (method: edge)
  Extracting color for Circle(center=(522.0, 1602.0), radius=71.0, confidence=25.6) (method: edge)
  Extracting color for Circle(center=(1354.0, 630.0), radius=70.0, confidence=48.9) (method: edge)
  Extracting color for Circle(center=(552.0, 1414.0), radius=70.0, confidence=41.8) (method: edge)
  Extracting color for Circle(center=(1398.0, 160.0), radius=70.0, confidence=35.9) (method: edge)
  Extracting color for Circle(center=(1568.0, 288.0), radius=70.0, confidence=34.1) (method: edge)
  Extracting color for Circle(center=(542.0, 160.0), radius=70.0, confidence=30.9) (method: edge)
  Extracting color for Circle(center=(448.0, 1544.0), radius=70.0, confidence=27.9) (method: edge)
  Extracting color for Circle(center=(1354.0, 1398.0), radius=70.0, confidence=27.8) (method: edge)
  Extracting color for Circle(center=(200.0, 800.0), radius=70.0, confidence=25.5) (method: edge)
  Extracting color for Circle(center=(1054.0, 296.0), radius=69.0, confidence=34.1) (method: edge)
  Extracting color for Circle(center=(886.0, 1142.0), radius=68.0, confidence=27.7) (method: edge)
  Extracting color for Circle(center=(902.0, 492.0), radius=67.0, confidence=29.4) (method: edge)
  Extracting color for Circle(center=(916.0, 512.0), radius=66.0, confidence=46.7) (method: edge)
  Extracting color for Circle(center=(158.0, 116.0), radius=66.0, confidence=43.5) (method: edge)
  Extracting color for Circle(center=(628.0, 246.0), radius=66.0, confidence=27.7) (method: edge)
  Extracting color for Circle(center=(884.0, 1228.0), radius=65.0, confidence=38.6) (method: edge)
  Extracting color for Circle(center=(928.0, 1570.0), radius=65.0, confidence=36.9) (method: edge)
  Extracting color for Circle(center=(1056.0, 630.0), radius=65.0, confidence=32.5) (method: edge)
  Extracting color for Circle(center=(956.0, 372.0), radius=65.0, confidence=30.8) (method: edge)
  Extracting color for Circle(center=(200.0, 928.0), radius=65.0, confidence=25.5) (method: edge)
  Extracting color for Circle(center=(726.0, 776.0), radius=61.0, confidence=32.4) (method: edge)
  Extracting color for Circle(center=(754.0, 310.0), radius=58.0, confidence=32.3) (method: edge)
  Extracting color for Circle(center=(482.0, 1178.0), radius=56.0, confidence=30.7) (method: edge)
  Extracting color for Circle(center=(118.0, 128.0), radius=55.0, confidence=27.6) (method: edge)
  Extracting color for Circle(center=(606.0, 1446.0), radius=52.0, confidence=34.0) (method: edge)
  Extracting color for Circle(center=(364.0, 734.0), radius=49.0, confidence=27.5) (method: edge)
  Extracting color for Circle(center=(572.0, 1398.0), radius=45.0, confidence=29.3) (method: edge)
  Extracting color for Circle(center=(134.0, 92.0), radius=43.0, confidence=27.5) (method: edge)
  Extracting color for Circle(center=(1634.0, 1032.0), radius=37.0, confidence=55.2) (method: edge)
  Extracting color for Circle(center=(170.0, 54.0), radius=20.0, confidence=47.8) (method: edge)
  Extracting color for Circle(center=(104.0, 54.0), radius=12.0, confidence=55.1) (method: edge)
Extracting circles to: demo_results/edge_sampling_best
Extracted 22 color group(s) to demo_results/edge_sampling_best/
  - circles_color_000_000_000.png
  - circles_color_054_027_040.png
  - circles_color_058_095_116.png
  - circles_color_060_047_078.png
  - circles_color_076_122_150.png
  - circles_color_118_093_094.png
  - circles_color_118_093_155.png
  - circles_color_118_193_094.png
  - circles_color_120_193_240.png
  - circles_color_128_174_179.png
  - circles_color_152_193_198.png
  - circles_color_160_144_140.png
  - circles_color_198_093_158.png
  - circles_color_200_115_094.png
  - circles_color_211_068_071.png
  - circles_color_217_193_189.png
  - circles_color_218_136_158.png
  - circles_color_218_218_248.png
  - circles_color_238_206_137.png
  - circles_color_238_207_216.png
  - circles_color_253_244_202.png
  - circles_color_255_255_255.png
Extraction complete!
