Debug mode enabled
Input: test_dotmatrix.png
Output: stdout
Format: json
DotMatrix v0.1.0
Loading image: test_dotmatrix.png
Image loaded: (1776, 1696, 3)
Detecting circles...
Detected 190 circle(s)
  Extracting color for Circle(center=(636.0, 918.0), radius=379.0, confidence=63.0) (method: edge (band))
  Extracting color for Circle(center=(474.0, 910.0), radius=346.0, confidence=69.9) (method: edge (band))
  Extracting color for Circle(center=(458.0, 864.0), radius=346.0, confidence=49.5) (method: edge (band))
  Extracting color for Circle(center=(590.0, 898.0), radius=328.0, confidence=62.2) (method: edge (band))
  Extracting color for Circle(center=(586.0, 828.0), radius=323.0, confidence=73.5) (method: edge (band))
  Extracting color for Circle(center=(1214.0, 906.0), radius=323.0, confidence=69.0) (method: edge (band))
  Extracting color for Circle(center=(592.0, 866.0), radius=320.0, confidence=52.5) (method: edge (band))
  Extracting color for Circle(center=(1210.0, 946.0), radius=315.0, confidence=50.3) (method: edge (band))
  Extracting color for Circle(center=(1248.0, 994.0), radius=309.0, confidence=54.1) (method: edge (band))
  Extracting color for Circle(center=(1230.0, 980.0), radius=308.0, confidence=66.4) (method: edge (band))
  Extracting color for Circle(center=(558.0, 824.0), radius=307.0, confidence=65.5) (method: edge (band))
  Extracting color for Circle(center=(1252.0, 1210.0), radius=305.0, confidence=54.9) (method: edge (band))
  Extracting color for Circle(center=(1302.0, 912.0), radius=304.0, confidence=64.7) (method: edge (band))
  Extracting color for Circle(center=(1248.0, 906.0), radius=300.0, confidence=68.1) (method: edge (band))
  Extracting color for Circle(center=(564.0, 880.0), radius=297.0, confidence=77.1) (method: edge (band))
  Extracting color for Circle(center=(1294.0, 976.0), radius=297.0, confidence=71.7) (method: edge (band))
  Extracting color for Circle(center=(1232.0, 936.0), radius=295.0, confidence=70.8) (method: edge (band))
  Extracting color for Circle(center=(1192.0, 1186.0), radius=291.0, confidence=74.4) (method: edge (band))
  Extracting color for Circle(center=(1268.0, 978.0), radius=290.0, confidence=55.7) (method: edge (band))
  Extracting color for Circle(center=(554.0, 846.0), radius=288.0, confidence=84.8) (method: edge (band))
  Extracting color for Circle(center=(1294.0, 944.0), radius=283.0, confidence=63.8) (method: edge (band))
  Extracting color for Circle(center=(1286.0, 926.0), radius=282.0, confidence=79.0) (method: edge (band))
  Extracting color for Circle(center=(1254.0, 960.0), radius=278.0, confidence=83.8) (method: edge (band))
  Extracting color for Circle(center=(1254.0, 930.0), radius=278.0, confidence=80.0) (method: edge (band))
  Extracting color for Circle(center=(1150.0, 996.0), radius=278.0, confidence=43.7) (method: edge (band))
  Extracting color for Circle(center=(1192.0, 1364.0), radius=277.0, confidence=24.2) (method: edge (band))
  Extracting color for Circle(center=(1280.0, 960.0), radius=276.0, confidence=81.9) (method: edge (band))
  Extracting color for Circle(center=(436.0, 1378.0), radius=273.0, confidence=36.4) (method: edge (band))
  Extracting color for Circle(center=(1214.0, 1200.0), radius=265.0, confidence=93.8) (method: edge (band))
  Extracting color for Circle(center=(596.0, 922.0), radius=265.0, confidence=40.3) (method: edge (band))
  Extracting color for Circle(center=(536.0, 862.0), radius=264.0, confidence=94.8) (method: edge (band))
  Extracting color for Circle(center=(1268.0, 944.0), radius=258.0, confidence=96.9) (method: edge (band))
  Extracting color for Circle(center=(476.0, 934.0), radius=254.0, confidence=39.6) (method: edge (band))
  Extracting color for Circle(center=(476.0, 830.0), radius=253.0, confidence=42.4) (method: edge (band))
  Extracting color for Circle(center=(1380.0, 480.0), radius=247.0, confidence=19.3) (method: edge (band))
  Extracting color for Circle(center=(1230.0, 1216.0), radius=244.0, confidence=75.3) (method: edge (band))
  Extracting color for Circle(center=(1128.0, 930.0), radius=237.0, confidence=48.0) (method: edge (band))
  Extracting color for Circle(center=(606.0, 608.0), radius=233.0, confidence=24.7) (method: edge (band))
  Extracting color for Circle(center=(572.0, 862.0), radius=232.0, confidence=60.5) (method: edge (band))
  Extracting color for Circle(center=(552.0, 918.0), radius=229.0, confidence=43.0) (method: edge (band))
  Extracting color for Circle(center=(510.0, 926.0), radius=229.0, confidence=35.1) (method: edge (band))
  Extracting color for Circle(center=(508.0, 838.0), radius=228.0, confidence=80.9) (method: edge (band))
  Extracting color for Circle(center=(372.0, 1336.0), radius=228.0, confidence=41.0) (method: edge (band))
  Extracting color for Circle(center=(390.0, 1376.0), radius=228.0, confidence=39.0) (method: edge (band))
  Extracting color for Circle(center=(514.0, 620.0), radius=227.0, confidence=41.7) (method: edge (band))
  Extracting color for Circle(center=(494.0, 854.0), radius=222.0, confidence=78.1) (method: edge (band))
  Extracting color for Circle(center=(582.0, 630.0), radius=220.0, confidence=47.3) (method: edge (band))
  Extracting color for Circle(center=(1332.0, 436.0), radius=216.0, confidence=29.7) (method: edge (band))
  Extracting color for Circle(center=(494.0, 890.0), radius=214.0, confidence=76.2) (method: edge (band))
  Extracting color for Circle(center=(526.0, 912.0), radius=214.0, confidence=72.6) (method: edge (band))
  Extracting color for Circle(center=(1308.0, 962.0), radius=214.0, confidence=37.7) (method: edge (band))
  Extracting color for Circle(center=(1414.0, 518.0), radius=213.0, confidence=12.9) (method: edge (band))
  Extracting color for Circle(center=(506.0, 906.0), radius=212.0, confidence=82.8) (method: edge (band))
  Extracting color for Circle(center=(1416.0, 440.0), radius=212.0, confidence=15.7) (method: edge (band))
  Extracting color for Circle(center=(1102.0, 946.0), radius=209.0, confidence=89.7) (method: edge (band))
  Extracting color for Circle(center=(544.0, 898.0), radius=208.0, confidence=46.6) (method: edge (band))
  Extracting color for Circle(center=(1256.0, 480.0), radius=208.0, confidence=14.9) (method: edge (band))
  Extracting color for Circle(center=(356.0, 1352.0), radius=207.0, confidence=57.2) (method: edge (band))
  Extracting color for Circle(center=(1122.0, 1384.0), radius=205.0, confidence=67.3) (method: edge (band))
  Extracting color for Circle(center=(576.0, 610.0), radius=204.0, confidence=53.3) (method: edge (band))
  Extracting color for Circle(center=(1114.0, 1412.0), radius=203.0, confidence=59.7) (method: edge (band))
  Extracting color for Circle(center=(1088.0, 1410.0), radius=203.0, confidence=58.9) (method: edge (band))
  Extracting color for Circle(center=(1102.0, 1374.0), radius=203.0, confidence=58.0) (method: edge (band))
  Extracting color for Circle(center=(334.0, 1390.0), radius=203.0, confidence=56.4) (method: edge (band))
  Extracting color for Circle(center=(540.0, 588.0), radius=203.0, confidence=48.8) (method: edge (band))
  Extracting color for Circle(center=(1084.0, 1388.0), radius=203.0, confidence=45.9) (method: edge (band))
  Extracting color for Circle(center=(514.0, 862.0), radius=203.0, confidence=45.2) (method: edge (band))
  Extracting color for Circle(center=(358.0, 1388.0), radius=202.0, confidence=61.3) (method: edge (band))
  Extracting color for Circle(center=(538.0, 614.0), radius=202.0, confidence=51.8) (method: edge (band))
  Extracting color for Circle(center=(476.0, 876.0), radius=202.0, confidence=26.9) (method: edge (band))
  Extracting color for Circle(center=(1210.0, 978.0), radius=191.0, confidence=27.4) (method: edge (band))
  Extracting color for Circle(center=(612.0, 846.0), radius=190.0, confidence=21.7) (method: edge (band))
  Extracting color for Circle(center=(1088.0, 930.0), radius=189.0, confidence=51.0) (method: edge (band))
  Extracting color for Circle(center=(248.0, 454.0), radius=186.0, confidence=14.5) (method: edge (band))
  Extracting color for Circle(center=(612.0, 894.0), radius=185.0, confidence=23.7) (method: edge (band))
  Extracting color for Circle(center=(1328.0, 902.0), radius=184.0, confidence=23.2) (method: edge (band))
  Extracting color for Circle(center=(1102.0, 1394.0), radius=183.0, confidence=98.9) (method: edge (band))
  Extracting color for Circle(center=(556.0, 602.0), radius=183.0, confidence=97.9) (method: edge (band))
  Extracting color for Circle(center=(524.0, 882.0), radius=182.0, confidence=100.0) (method: edge (band))
  Extracting color for Circle(center=(346.0, 1372.0), radius=182.0, confidence=92.7) (method: edge (band))
  Extracting color for Circle(center=(1300.0, 874.0), radius=180.0, confidence=17.5) (method: edge (band))
  Extracting color for Circle(center=(1186.0, 942.0), radius=176.0, confidence=13.7) (method: edge (band))
  Extracting color for Circle(center=(220.0, 482.0), radius=176.0, confidence=9.4) (method: edge (band))
  Extracting color for Circle(center=(620.0, 810.0), radius=170.0, confidence=21.2) (method: edge (band))
  Extracting color for Circle(center=(448.0, 894.0), radius=170.0, confidence=11.8) (method: edge (band))
  Extracting color for Circle(center=(1354.0, 928.0), radius=170.0, confidence=9.1) (method: edge (band))
  Extracting color for Circle(center=(1072.0, 912.0), radius=164.0, confidence=29.1) (method: edge (band))
  Extracting color for Circle(center=(330.0, 1358.0), radius=162.0, confidence=38.3) (method: edge (band))
  Extracting color for Circle(center=(568.0, 586.0), radius=162.0, confidence=33.9) (method: edge (band))
  Extracting color for Circle(center=(630.0, 1482.0), radius=162.0, confidence=33.3) (method: edge (band))
  Extracting color for Circle(center=(450.0, 922.0), radius=160.0, confidence=13.3) (method: edge (band))
  Extracting color for Circle(center=(1220.0, 860.0), radius=160.0, confidence=12.6) (method: edge (band))
  Extracting color for Circle(center=(368.0, 1370.0), radius=159.0, confidence=28.0) (method: edge (band))
  Extracting color for Circle(center=(598.0, 1054.0), radius=159.0, confidence=18.8) (method: edge (band))
  Extracting color for Circle(center=(836.0, 334.0), radius=157.0, confidence=30.3) (method: edge (band))
  Extracting color for Circle(center=(800.0, 326.0), radius=155.0, confidence=31.5) (method: edge (band))
  Extracting color for Circle(center=(1232.0, 164.0), radius=154.0, confidence=8.5) (method: edge (band))
  Extracting color for Circle(center=(1162.0, 950.0), radius=152.0, confidence=8.2) (method: edge (band))
  Extracting color for Circle(center=(610.0, 1076.0), radius=151.0, confidence=32.7) (method: edge (band))
  Extracting color for Circle(center=(1020.0, 316.0), radius=150.0, confidence=32.1) (method: edge (band))
  Extracting color for Circle(center=(988.0, 344.0), radius=149.0, confidence=28.6) (method: edge (band))
  Extracting color for Circle(center=(912.0, 226.0), radius=148.0, confidence=26.3) (method: edge (band))
  Extracting color for Circle(center=(506.0, 1590.0), radius=144.0, confidence=44.4) (method: edge (band))
  Extracting color for Circle(center=(472.0, 1550.0), radius=142.0, confidence=30.9) (method: edge (band))
  Extracting color for Circle(center=(1182.0, 1024.0), radius=141.0, confidence=11.5) (method: edge (band))
  Extracting color for Circle(center=(346.0, 356.0), radius=141.0, confidence=3.6) (method: edge (band))
  Extracting color for Circle(center=(310.0, 392.0), radius=141.0, confidence=0.8) (method: edge (band))
  Extracting color for Circle(center=(908.0, 186.0), radius=140.0, confidence=35.7) (method: edge (band))
  Extracting color for Circle(center=(876.0, 218.0), radius=140.0, confidence=34.5) (method: edge (band))
  Extracting color for Circle(center=(522.0, 576.0), radius=140.0, confidence=25.8) (method: edge (band))
  Extracting color for Circle(center=(884.0, 182.0), radius=140.0, confidence=25.3) (method: edge (band))
  Extracting color for Circle(center=(306.0, 1396.0), radius=140.0, confidence=14.1) (method: edge (band))
  Extracting color for Circle(center=(1070.0, 1426.0), radius=138.0, confidence=17.0) (method: edge (band))
  Extracting color for Circle(center=(1164.0, 1012.0), radius=134.0, confidence=7.6) (method: edge (band))
  Extracting color for Circle(center=(1214.0, 480.0), radius=130.0, confidence=7.9) (method: edge (band))
  Extracting color for Circle(center=(652.0, 1506.0), radius=129.0, confidence=88.7) (method: edge (band))
  Extracting color for Circle(center=(1006.0, 330.0), radius=129.0, confidence=87.7) (method: edge (band))
  Extracting color for Circle(center=(812.0, 350.0), radius=128.0, confidence=90.7) (method: edge (band))
  Extracting color for Circle(center=(630.0, 1062.0), radius=128.0, confidence=86.7) (method: edge (band))
  Extracting color for Circle(center=(958.0, 466.0), radius=128.0, confidence=85.7) (method: edge (band))
  Extracting color for Circle(center=(312.0, 1330.0), radius=128.0, confidence=11.1) (method: edge (band))
  Extracting color for Circle(center=(474.0, 852.0), radius=126.0, confidence=10.1) (method: edge (band))
  Extracting color for Circle(center=(1502.0, 480.0), radius=125.0, confidence=5.7) (method: edge (band))
  Extracting color for Circle(center=(892.0, 202.0), radius=118.0, confidence=95.8) (method: edge (band))
  Extracting color for Circle(center=(552.0, 940.0), radius=118.0, confidence=9.7) (method: edge (band))
  Extracting color for Circle(center=(490.0, 1568.0), radius=117.0, confidence=91.7) (method: edge (band))
  Extracting color for Circle(center=(478.0, 1334.0), radius=117.0, confidence=6.4) (method: edge (band))
  Extracting color for Circle(center=(1348.0, 580.0), radius=117.0, confidence=3.4) (method: edge (band))
  Extracting color for Circle(center=(1210.0, 1078.0), radius=112.0, confidence=0.3) (method: edge (band))
  Extracting color for Circle(center=(496.0, 814.0), radius=111.0, confidence=5.4) (method: edge (band))
  Extracting color for Circle(center=(820.0, 480.0), radius=110.0, confidence=6.2) (method: edge (band))
  Extracting color for Circle(center=(1190.0, 480.0), radius=109.0, confidence=1.2) (method: edge (band))
  Extracting color for Circle(center=(666.0, 1524.0), radius=107.0, confidence=19.8) (method: edge (band))
  Extracting color for Circle(center=(646.0, 1048.0), radius=107.0, confidence=16.6) (method: edge (band))
  Extracting color for Circle(center=(654.0, 1486.0), radius=107.0, confidence=15.3) (method: edge (band))
  Extracting color for Circle(center=(942.0, 480.0), radius=106.0, confidence=20.7) (method: edge (band))
  Extracting color for Circle(center=(978.0, 474.0), radius=106.0, confidence=20.2) (method: edge (band))
  Extracting color for Circle(center=(824.0, 372.0), radius=104.0, confidence=22.7) (method: edge (band))
  Extracting color for Circle(center=(796.0, 370.0), radius=103.0, confidence=22.2) (method: edge (band))
  Extracting color for Circle(center=(1234.0, 324.0), radius=102.0, confidence=0.0) (method: edge (band))
  Extracting color for Circle(center=(350.0, 1292.0), radius=100.0, confidence=0.0) (method: edge (band))
  Extracting color for Circle(center=(492.0, 1548.0), radius=98.0, confidence=16.2) (method: edge (band))
  Extracting color for Circle(center=(1462.0, 394.0), radius=97.0, confidence=8.8) (method: edge (band))
  Extracting color for Circle(center=(1376.0, 608.0), radius=97.0, confidence=5.9) (method: edge (band))
  Extracting color for Circle(center=(478.0, 224.0), radius=97.0, confidence=3.2) (method: edge (band))
  Extracting color for Circle(center=(470.0, 1580.0), radius=96.0, confidence=10.8) (method: edge (band))
  Extracting color for Circle(center=(536.0, 1434.0), radius=95.0, confidence=37.0) (method: edge (band))
  Extracting color for Circle(center=(476.0, 956.0), radius=95.0, confidence=3.0) (method: edge (band))
  Extracting color for Circle(center=(450.0, 836.0), radius=95.0, confidence=0.7) (method: edge (band))
  Extracting color for Circle(center=(512.0, 1558.0), radius=94.0, confidence=10.4) (method: edge (band))
  Extracting color for Circle(center=(394.0, 308.0), radius=94.0, confidence=0.6) (method: edge (band))
  Extracting color for Circle(center=(1248.0, 266.0), radius=94.0, confidence=0.5) (method: edge (band))
  Extracting color for Circle(center=(222.0, 352.0), radius=93.0, confidence=4.7) (method: edge (band))
  Extracting color for Circle(center=(222.0, 650.0), radius=93.0, confidence=4.5) (method: edge (band))
  Extracting color for Circle(center=(1206.0, 182.0), radius=93.0, confidence=2.9) (method: edge (band))
  Extracting color for Circle(center=(1376.0, 308.0), radius=93.0, confidence=2.7) (method: edge (band))
  Extracting color for Circle(center=(1504.0, 608.0), radius=93.0, confidence=2.5) (method: edge (band))
  Extracting color for Circle(center=(1504.0, 182.0), radius=93.0, confidence=2.0) (method: edge (band))
  Extracting color for Circle(center=(222.0, 182.0), radius=93.0, confidence=1.1) (method: edge (band))
  Extracting color for Circle(center=(1376.0, 182.0), radius=93.0, confidence=1.0) (method: edge (band))
  Extracting color for Circle(center=(394.0, 352.0), radius=93.0, confidence=0.4) (method: edge (band))
  Extracting color for Circle(center=(1334.0, 480.0), radius=93.0, confidence=0.2) (method: edge (band))
  Extracting color for Circle(center=(984.0, 364.0), radius=90.0, confidence=7.3) (method: edge (band))
  Extracting color for Circle(center=(1162.0, 480.0), radius=89.0, confidence=0.2) (method: edge (band))
  Extracting color for Circle(center=(1046.0, 322.0), radius=86.0, confidence=7.0) (method: edge (band))
  Extracting color for Circle(center=(998.0, 480.0), radius=86.0, confidence=2.4) (method: edge (band))
  Extracting color for Circle(center=(916.0, 480.0), radius=85.0, confidence=1.9) (method: edge (band))
  Extracting color for Circle(center=(1542.0, 480.0), radius=85.0, confidence=0.1) (method: edge (band))
  Extracting color for Circle(center=(650.0, 1462.0), radius=84.0, confidence=0.1) (method: edge (band))
  Extracting color for Circle(center=(444.0, 944.0), radius=82.0, confidence=5.2) (method: edge (band))
  Extracting color for Circle(center=(862.0, 182.0), radius=81.0, confidence=4.9) (method: edge (band))
  Extracting color for Circle(center=(510.0, 1538.0), radius=80.0, confidence=0.9) (method: edge (band))
  Extracting color for Circle(center=(836.0, 394.0), radius=80.0, confidence=0.1) (method: edge (band))
  Extracting color for Circle(center=(462.0, 794.0), radius=75.0, confidence=0.0) (method: edge (band))
  Extracting color for Circle(center=(930.0, 182.0), radius=74.0, confidence=0.5) (method: edge (band))
  Extracting color for Circle(center=(478.0, 524.0), radius=72.0, confidence=0.3) (method: edge (band))
  Extracting color for Circle(center=(1138.0, 480.0), radius=72.0, confidence=0.0) (method: edge (band))
  Extracting color for Circle(center=(702.0, 1538.0), radius=71.0, confidence=0.0) (method: edge (band))
  Extracting color for Circle(center=(1354.0, 1398.0), radius=70.0, confidence=4.3) (method: edge (band))
  Extracting color for Circle(center=(372.0, 458.0), radius=70.0, confidence=1.7) (method: edge (band))
  Extracting color for Circle(center=(372.0, 330.0), radius=69.0, confidence=2.2) (method: edge (band))
  Extracting color for Circle(center=(1056.0, 630.0), radius=65.0, confidence=6.7) (method: edge (band))
  Extracting color for Circle(center=(1526.0, 630.0), radius=65.0, confidence=4.0) (method: edge (band))
  Extracting color for Circle(center=(1526.0, 758.0), radius=65.0, confidence=3.8) (method: edge (band))
  Extracting color for Circle(center=(542.0, 330.0), radius=65.0, confidence=1.6) (method: edge (band))
  Extracting color for Circle(center=(1526.0, 458.0), radius=65.0, confidence=1.5) (method: edge (band))
  Extracting color for Circle(center=(394.0, 694.0), radius=46.0, confidence=1.4) (method: edge (band))
  Extracting color for Circle(center=(1634.0, 1032.0), radius=37.0, confidence=18.4) (method: edge (band))
  Extracting color for Circle(center=(170.0, 54.0), radius=20.0, confidence=12.2) (method: edge (band))
  Extracting color for Circle(center=(104.0, 54.0), radius=12.0, confidence=17.9) (method: edge (band))
Extracting circles to: demo_results/edge_methods_comparison/band
Using k-means clustering with max_colors=6
Extracted 6 color group(s) to demo_results/edge_methods_comparison/band/
  - circles_color_021_017_021.png
  - circles_color_124_119_125.png
  - circles_color_136_193_225.png
  - circles_color_213_099_136.png
  - circles_color_236_209_141.png
  - circles_color_240_228_243.png
Extraction complete!
